#
# A fatal error has been detected by the Java Runtime Environment:
#
#  SIGSEGV (0xb) at pc=0x00007f0fa5f0118c, pid=65503, tid=65504
#
# JRE version: OpenJDK Runtime Environment (11.0.19+7) (build 11.0.19+7-post-Ubuntu-0ubuntu120.04.1)
# Java VM: OpenJDK 64-Bit Server VM (11.0.19+7-post-Ubuntu-0ubuntu120.04.1, mixed mode, sharing, tiered, compressed oops, g1 gc, linux-amd64)
# Problematic frame:
# V  [libjvm.so+0xa6518c]  LinkResolver::resolve_invokevirtual(CallInfo&, Handle, constantPoolHandle const&, int, Thread*)+0xec
#
# Core dump will be written. Default location: Core dumps may be processed with "/usr/share/apport/apport -p%p -s%s -c%c -d%d -P%P -u%u -g%g -- %E" (or dumping to /home/weihsin/workplace/Compiler/HW3/core.65503)
#
# If you would like to submit a bug report, please visit:
#   https://bugs.launchpad.net/ubuntu/+source/openjdk-lts
#

---------------  S U M M A R Y ------------

Command Line: -Xverify:none Main

Host: Intel(R) Core(TM) i5-10210U CPU @ 1.60GHz, 8 cores, 19G, Ubuntu 20.04.5 LTS
Time: Fri Jun 16 23:13:42 2023 CST elapsed time: 0.036234 seconds (0d 0h 0m 0s)

---------------  T H R E A D  ---------------

Current thread (0x00007f0fa0016000):  JavaThread "main" [_thread_in_vm, id=65504, stack(0x00007f0fa504f000,0x00007f0fa5150000)]

Stack: [0x00007f0fa504f000,0x00007f0fa5150000],  sp=0x00007f0fa514e240,  free space=1020k
Native frames: (J=compiled Java code, A=aot compiled Java code, j=interpreted, Vv=VM code, C=native code)
V  [libjvm.so+0xa6518c]  LinkResolver::resolve_invokevirtual(CallInfo&, Handle, constantPoolHandle const&, int, Thread*)+0xec
V  [libjvm.so+0xa65cbb]  LinkResolver::resolve_invoke(CallInfo&, Handle, constantPoolHandle const&, int, Bytecodes::Code, Thread*)+0x14b
V  [libjvm.so+0x86e003]  InterpreterRuntime::resolve_invoke(JavaThread*, Bytecodes::Code)+0x183
V  [libjvm.so+0x86e671]  InterpreterRuntime::resolve_from_cache(JavaThread*, Bytecodes::Code)+0x41
j  java.lang.String.valueOf(Ljava/lang/Object;)Ljava/lang/String;+10 java.base@11.0.19
j  java.io.PrintStream.print(Ljava/lang/String;)V+2 java.base@11.0.19
j  Main.main([Ljava/lang/String;)V+30
v  ~StubRoutines::call_stub
V  [libjvm.so+0x8748b4]  JavaCalls::call_helper(JavaValue*, methodHandle const&, JavaCallArguments*, Thread*)+0x324
V  [libjvm.so+0x8f0a3d]  jni_invoke_static(JNIEnv_*, JavaValue*, _jobject*, JNICallType, _jmethodID*, JNI_ArgumentPusher*, Thread*) [clone .isra.0] [clone .constprop.0]+0x1ed
V  [libjvm.so+0x8f3150]  jni_CallStaticVoidMethod+0x160
C  [libjli.so+0x5a6a]  JavaMain+0xd5a
C  [libjli.so+0x9cdd]  ThreadJavaMain+0xd

Java frames: (J=compiled Java code, j=interpreted, Vv=VM code)
j  java.lang.String.valueOf(Ljava/lang/Object;)Ljava/lang/String;+10 java.base@11.0.19
j  java.io.PrintStream.print(Ljava/lang/String;)V+2 java.base@11.0.19
j  Main.main([Ljava/lang/String;)V+30
v  ~StubRoutines::call_stub

siginfo: si_signo: 11 (SIGSEGV), si_code: 1 (SEGV_MAPERR), si_addr: 0x000000000000000d

Register to memory mapping:

RAX=0x0000000000000005 is an unknown value
RBX=0x00007f0fa514e250 is pointing into the stack for thread: 0x00007f0fa0016000
RCX=0x0000000000000002 is an unknown value
RDX=0x00007f0fa6720a2c: <offset 0x0000000001284a2c> in /usr/lib/jvm/java-11-openjdk-amd64/lib/server/libjvm.so at 0x00007f0fa549c000
RSP=0x00007f0fa514e240 is pointing into the stack for thread: 0x00007f0fa0016000
RBP=0x00007f0fa514e2d0 is pointing into the stack for thread: 0x00007f0fa0016000
RSI=0x00007f0fa514e250 is pointing into the stack for thread: 0x00007f0fa0016000
RDI=0x00007f0fa514e250 is pointing into the stack for thread: 0x00007f0fa0016000
R8 =0x0 is NULL
R9 =0x00007f0fa00154c0 points into unknown readable memory: 0x00007f0f71c00278 | 78 02 c0 71 0f 7f 00 00
R10=0x00000000000000e8 is an unknown value
R11=0x0000000000000014 is an unknown value
R12=0x00007f0fa00153b0 points into unknown readable memory: 0x0000000000000005 | 05 00 00 00 00 00 00 00
R13=0x00007f0fa0016000 is a thread
R14=0x00007f0fa514e280 is pointing into the stack for thread: 0x00007f0fa0016000
R15=0x00000000000000a5 is an unknown value


Registers:
RAX=0x0000000000000005, RBX=0x00007f0fa514e250, RCX=0x0000000000000002, RDX=0x00007f0fa6720a2c
RSP=0x00007f0fa514e240, RBP=0x00007f0fa514e2d0, RSI=0x00007f0fa514e250, RDI=0x00007f0fa514e250
R8 =0x0000000000000000, R9 =0x00007f0fa00154c0, R10=0x00000000000000e8, R11=0x0000000000000014
R12=0x00007f0fa00153b0, R13=0x00007f0fa0016000, R14=0x00007f0fa514e280, R15=0x00000000000000a5
RIP=0x00007f0fa5f0118c, EFLAGS=0x0000000000010202, CSGSFS=0x002b000000000033, ERR=0x0000000000000004
  TRAPNO=0x000000000000000e

Top of Stack: (sp=0x00007f0fa514e240)
0x00007f0fa514e240:   00007f0fa514e410 00007f0fa00153b0
0x00007f0fa514e250:   0000000000000000 0000000000000000
0x00007f0fa514e260:   00000008003cf8f0 00000008003d1c88
0x00007f0fa514e270:   0000000800002478 0000000800330290 

Instructions: (pc=0x00007f0fa5f0118c)
0x00007f0fa5f0108c:   ee e8 fe fa ff ff 58 5a e9 68 ff ff ff 90 66 0f
0x00007f0fa5f0109c:   1f 44 00 00 f3 0f 1e fa 55 66 0f ef c0 48 89 e5
0x00007f0fa5f010ac:   41 57 41 89 cf 41 56 4c 8d 75 b0 41 55 4d 89 c5
0x00007f0fa5f010bc:   41 54 49 89 f4 53 48 89 d3 4c 89 c2 48 83 ec 68
0x00007f0fa5f010cc:   48 89 bd 70 ff ff ff 48 8b 3b 48 89 b5 78 ff ff
0x00007f0fa5f010dc:   ff 89 ce c6 45 c1 00 0f 29 45 b0 e8 64 e4 c0 ff
0x00007f0fa5f010ec:   49 83 7d 08 00 48 89 45 a0 74 19 4c 89 f7 e8 61
0x00007f0fa5f010fc:   c7 d9 ff 48 8d 65 d8 5b 41 5c 41 5d 41 5e 41 5f
0x00007f0fa5f0110c:   5d c3 66 90 48 8b 3b 31 d2 44 89 fe e8 73 af c0
0x00007f0fa5f0111c:   ff 48 8b 3b 31 d2 44 89 fe 48 89 45 90 e8 f2 af
0x00007f0fa5f0112c:   c0 ff 48 8b 3b 31 d2 44 89 fe 48 89 45 98 e8 f1
0x00007f0fa5f0113c:   b0 c0 ff 66 0f ef c9 4c 89 f7 88 45 c1 48 8b 03
0x00007f0fa5f0114c:   48 8d 5d 80 48 89 de 48 8b 40 18 0f 29 4d 80 48
0x00007f0fa5f0115c:   89 45 a8 e8 1c cc d9 ff 48 89 df e8 f4 c6 d9 ff
0x00007f0fa5f0116c:   49 83 7d 08 00 c6 45 c0 01 75 80 4d 85 e4 74 2b
0x00007f0fa5f0117c:   48 8d 15 a9 f8 81 00 49 8b 04 24 80 3a 00 74 74
0x00007f0fa5f0118c:   44 8b 78 08 48 8d 05 f9 26 7f 00 8b 48 08 49 d3
0x00007f0fa5f0119c:   e7 4c 03 38 4c 89 bd 78 ff ff ff 48 8d 75 90 4c
0x00007f0fa5f011ac:   89 ea 48 89 df e8 da f3 ff ff 49 83 7d 08 00 74
0x00007f0fa5f011bc:   13 48 89 df e8 9b c6 d9 ff e9 2d ff ff ff 66 0f
0x00007f0fa5f011cc:   1f 44 00 00 48 83 ec 08 48 8b 55 a0 4c 89 e1 48
0x00007f0fa5f011dc:   89 de 41 55 4c 8b 85 78 ff ff ff 41 b9 01 00 00
0x00007f0fa5f011ec:   00 48 8b bd 70 ff ff ff e8 97 f9 ff ff 58 5a eb
0x00007f0fa5f011fc:   c0 0f 1f 00 48 8b 40 08 48 89 85 78 ff ff ff eb
0x00007f0fa5f0120c:   9a 90 66 90 f3 0f 1e fa 55 45 89 cb 48 89 e5 41
0x00007f0fa5f0121c:   57 49 89 f7 41 56 41 55 4d 89 c5 41 54 49 89 d4
0x00007f0fa5f0122c:   53 48 89 fb 48 81 ec 18 01 00 00 45 84 c9 74 09
0x00007f0fa5f0123c:   48 85 c9 0f 84 a3 03 00 00 41 8b 54 24 10 4d 3b
0x00007f0fa5f0124c:   64 15 00 0f 84 fc 00 00 00 83 fa 20 0f 84 d2 00
0x00007f0fa5f0125c:   00 00 48 8b 45 10 4c 89 e7 4c 8b b8 78 02 00 00
0x00007f0fa5f0126c:   49 8b 47 18 49 8b 5f 10 4d 8b 77 20 48 89 85 e0
0x00007f0fa5f0127c:   fe ff ff 49 8b 47 28 48 89 85 d8 fe ff ff e8 01 


Stack slot to memory mapping:
stack at sp + 0 slots: 0x00007f0fa514e410 is pointing into the stack for thread: 0x00007f0fa0016000
stack at sp + 1 slots: 0x00007f0fa00153b0 points into unknown readable memory: 0x0000000000000005 | 05 00 00 00 00 00 00 00
stack at sp + 2 slots: 0x0 is NULL
stack at sp + 3 slots: 0x0 is NULL
stack at sp + 4 slots: 0x00000008003cf8f0 is pointing into metadata
stack at sp + 5 slots: 0x00000008003d1c88 is pointing into metadata
stack at sp + 6 slots: 0x0000000800002478 is pointing into metadata
stack at sp + 7 slots: 0x0000000800330290 is pointing into metadata


---------------  P R O C E S S  ---------------

Threads class SMR info:
_java_thread_list=0x00007f0fa0265d00, length=9, elements={
0x00007f0fa0016000, 0x00007f0fa0200800, 0x00007f0fa0202800, 0x00007f0fa0209000,
0x00007f0fa020b000, 0x00007f0fa020d000, 0x00007f0fa020f000, 0x00007f0fa0211800,
0x00007f0fa0264800
}

Java Threads: ( => current thread )
=>0x00007f0fa0016000 JavaThread "main" [_thread_in_vm, id=65504, stack(0x00007f0fa504f000,0x00007f0fa5150000)]
  0x00007f0fa0200800 JavaThread "Reference Handler" daemon [_thread_blocked, id=65511, stack(0x00007f0f784f3000,0x00007f0f785f4000)]
  0x00007f0fa0202800 JavaThread "Finalizer" daemon [_thread_blocked, id=65512, stack(0x00007f0f783f2000,0x00007f0f784f3000)]
  0x00007f0fa0209000 JavaThread "Signal Dispatcher" daemon [_thread_blocked, id=65513, stack(0x00007f0f782f1000,0x00007f0f783f2000)]
  0x00007f0fa020b000 JavaThread "Service Thread" daemon [_thread_blocked, id=65514, stack(0x00007f0f781f0000,0x00007f0f782f1000)]
  0x00007f0fa020d000 JavaThread "C2 CompilerThread0" daemon [_thread_blocked, id=65515, stack(0x00007f0f780ef000,0x00007f0f781f0000)]
  0x00007f0fa020f000 JavaThread "C1 CompilerThread0" daemon [_thread_blocked, id=65516, stack(0x00007f0f708d7000,0x00007f0f709d8000)]
  0x00007f0fa0211800 JavaThread "Sweeper thread" daemon [_thread_blocked, id=65517, stack(0x00007f0f707d6000,0x00007f0f708d7000)]
  0x00007f0fa0264800 JavaThread "Common-Cleaner" daemon [_thread_blocked, id=65519, stack(0x00007f0f705d3000,0x00007f0f706d4000)]

Other Threads:
  0x00007f0fa01fd800 VMThread "VM Thread" [stack: 0x00007f0f785f6000,0x00007f0f786f6000] [id=65510]
  0x00007f0fa0262000 WatcherThread [stack: 0x00007f0f706d6000,0x00007f0f707d6000] [id=65518]
  0x00007f0fa002e000 GCTaskThread "GC Thread#0" [stack: 0x00007f0fa4cf3000,0x00007f0fa4df3000] [id=65505]
  0x00007f0fa007a800 ConcurrentGCThread "G1 Main Marker" [stack: 0x00007f0fa4284000,0x00007f0fa4384000] [id=65506]
  0x00007f0fa007c800 ConcurrentGCThread "G1 Conc#0" [stack: 0x00007f0fa4182000,0x00007f0fa4282000] [id=65507]
  0x00007f0fa01bb000 ConcurrentGCThread "G1 Refine#0" [stack: 0x00007f0f787fa000,0x00007f0f788fa000] [id=65508]
  0x00007f0fa01bd000 ConcurrentGCThread "G1 Young RemSet Sampling" [stack: 0x00007f0f786f8000,0x00007f0f787f8000] [id=65509]

Threads with active compile tasks:

VM state:not at safepoint (normal execution)

VM Mutex/Monitor currently owned by a thread: None

Heap address: 0x00000006cbc00000, size: 4932 MB, Compressed Oops mode: Zero based, Oop shift amount: 3
Narrow klass base: 0x0000000800000000, Narrow klass shift: 3
Compressed class space size: 1073741824 Address: 0x0000000840000000

Heap:
 garbage-first heap   total 319488K, used 712K [0x00000006cbc00000, 0x0000000800000000)
  region size 1024K, 1 young (1024K), 0 survivors (0K)
 Metaspace       used 151K, capacity 4486K, committed 4864K, reserved 1056768K
  class space    used 5K, capacity 386K, committed 512K, reserved 1048576K
Heap Regions: E=young(eden), S=young(survivor), O=old, HS=humongous(starts), HC=humongous(continues), CS=collection set, F=free, A=archive, TAMS=top-at-mark-start (previous, next)
|   0|0x00000006cbc00000, 0x00000006cbc00000, 0x00000006cbd00000|  0%| F|  |TAMS 0x00000006cbc00000, 0x00000006cbc00000| Untracked 
|   1|0x00000006cbd00000, 0x00000006cbd00000, 0x00000006cbe00000|  0%| F|  |TAMS 0x00000006cbd00000, 0x00000006cbd00000| Untracked 
|   2|0x00000006cbe00000, 0x00000006cbe00000, 0x00000006cbf00000|  0%| F|  |TAMS 0x00000006cbe00000, 0x00000006cbe00000| Untracked 
|   3|0x00000006cbf00000, 0x00000006cbf00000, 0x00000006cc000000|  0%| F|  |TAMS 0x00000006cbf00000, 0x00000006cbf00000| Untracked 
|   4|0x00000006cc000000, 0x00000006cc000000, 0x00000006cc100000|  0%| F|  |TAMS 0x00000006cc000000, 0x00000006cc000000| Untracked 
|   5|0x00000006cc100000, 0x00000006cc100000, 0x00000006cc200000|  0%| F|  |TAMS 0x00000006cc100000, 0x00000006cc100000| Untracked 
|   6|0x00000006cc200000, 0x00000006cc200000, 0x00000006cc300000|  0%| F|  |TAMS 0x00000006cc200000, 0x00000006cc200000| Untracked 
|   7|0x00000006cc300000, 0x00000006cc300000, 0x00000006cc400000|  0%| F|  |TAMS 0x00000006cc300000, 0x00000006cc300000| Untracked 
|   8|0x00000006cc400000, 0x00000006cc400000, 0x00000006cc500000|  0%| F|  |TAMS 0x00000006cc400000, 0x00000006cc400000| Untracked 
|   9|0x00000006cc500000, 0x00000006cc500000, 0x00000006cc600000|  0%| F|  |TAMS 0x00000006cc500000, 0x00000006cc500000| Untracked 
|  10|0x00000006cc600000, 0x00000006cc600000, 0x00000006cc700000|  0%| F|  |TAMS 0x00000006cc600000, 0x00000006cc600000| Untracked 
|  11|0x00000006cc700000, 0x00000006cc700000, 0x00000006cc800000|  0%| F|  |TAMS 0x00000006cc700000, 0x00000006cc700000| Untracked 
|  12|0x00000006cc800000, 0x00000006cc800000, 0x00000006cc900000|  0%| F|  |TAMS 0x00000006cc800000, 0x00000006cc800000| Untracked 
|  13|0x00000006cc900000, 0x00000006cc900000, 0x00000006cca00000|  0%| F|  |TAMS 0x00000006cc900000, 0x00000006cc900000| Untracked 
|  14|0x00000006cca00000, 0x00000006cca00000, 0x00000006ccb00000|  0%| F|  |TAMS 0x00000006cca00000, 0x00000006cca00000| Untracked 
|  15|0x00000006ccb00000, 0x00000006ccb00000, 0x00000006ccc00000|  0%| F|  |TAMS 0x00000006ccb00000, 0x00000006ccb00000| Untracked 
|  16|0x00000006ccc00000, 0x00000006ccc00000, 0x00000006ccd00000|  0%| F|  |TAMS 0x00000006ccc00000, 0x00000006ccc00000| Untracked 
|  17|0x00000006ccd00000, 0x00000006ccd00000, 0x00000006cce00000|  0%| F|  |TAMS 0x00000006ccd00000, 0x00000006ccd00000| Untracked 
|  18|0x00000006cce00000, 0x00000006cce00000, 0x00000006ccf00000|  0%| F|  |TAMS 0x00000006cce00000, 0x00000006cce00000| Untracked 
|  19|0x00000006ccf00000, 0x00000006ccf00000, 0x00000006cd000000|  0%| F|  |TAMS 0x00000006ccf00000, 0x00000006ccf00000| Untracked 
|  20|0x00000006cd000000, 0x00000006cd000000, 0x00000006cd100000|  0%| F|  |TAMS 0x00000006cd000000, 0x00000006cd000000| Untracked 
|  21|0x00000006cd100000, 0x00000006cd100000, 0x00000006cd200000|  0%| F|  |TAMS 0x00000006cd100000, 0x00000006cd100000| Untracked 
|  22|0x00000006cd200000, 0x00000006cd200000, 0x00000006cd300000|  0%| F|  |TAMS 0x00000006cd200000, 0x00000006cd200000| Untracked 
|  23|0x00000006cd300000, 0x00000006cd300000, 0x00000006cd400000|  0%| F|  |TAMS 0x00000006cd300000, 0x00000006cd300000| Untracked 
|  24|0x00000006cd400000, 0x00000006cd400000, 0x00000006cd500000|  0%| F|  |TAMS 0x00000006cd400000, 0x00000006cd400000| Untracked 
|  25|0x00000006cd500000, 0x00000006cd500000, 0x00000006cd600000|  0%| F|  |TAMS 0x00000006cd500000, 0x00000006cd500000| Untracked 
|  26|0x00000006cd600000, 0x00000006cd600000, 0x00000006cd700000|  0%| F|  |TAMS 0x00000006cd600000, 0x00000006cd600000| Untracked 
|  27|0x00000006cd700000, 0x00000006cd700000, 0x00000006cd800000|  0%| F|  |TAMS 0x00000006cd700000, 0x00000006cd700000| Untracked 
|  28|0x00000006cd800000, 0x00000006cd800000, 0x00000006cd900000|  0%| F|  |TAMS 0x00000006cd800000, 0x00000006cd800000| Untracked 
|  29|0x00000006cd900000, 0x00000006cd900000, 0x00000006cda00000|  0%| F|  |TAMS 0x00000006cd900000, 0x00000006cd900000| Untracked 
|  30|0x00000006cda00000, 0x00000006cda00000, 0x00000006cdb00000|  0%| F|  |TAMS 0x00000006cda00000, 0x00000006cda00000| Untracked 
|  31|0x00000006cdb00000, 0x00000006cdb00000, 0x00000006cdc00000|  0%| F|  |TAMS 0x00000006cdb00000, 0x00000006cdb00000| Untracked 
|  32|0x00000006cdc00000, 0x00000006cdc00000, 0x00000006cdd00000|  0%| F|  |TAMS 0x00000006cdc00000, 0x00000006cdc00000| Untracked 
|  33|0x00000006cdd00000, 0x00000006cdd00000, 0x00000006cde00000|  0%| F|  |TAMS 0x00000006cdd00000, 0x00000006cdd00000| Untracked 
|  34|0x00000006cde00000, 0x00000006cde00000, 0x00000006cdf00000|  0%| F|  |TAMS 0x00000006cde00000, 0x00000006cde00000| Untracked 
|  35|0x00000006cdf00000, 0x00000006cdf00000, 0x00000006ce000000|  0%| F|  |TAMS 0x00000006cdf00000, 0x00000006cdf00000| Untracked 
|  36|0x00000006ce000000, 0x00000006ce000000, 0x00000006ce100000|  0%| F|  |TAMS 0x00000006ce000000, 0x00000006ce000000| Untracked 
|  37|0x00000006ce100000, 0x00000006ce100000, 0x00000006ce200000|  0%| F|  |TAMS 0x00000006ce100000, 0x00000006ce100000| Untracked 
|  38|0x00000006ce200000, 0x00000006ce200000, 0x00000006ce300000|  0%| F|  |TAMS 0x00000006ce200000, 0x00000006ce200000| Untracked 
|  39|0x00000006ce300000, 0x00000006ce300000, 0x00000006ce400000|  0%| F|  |TAMS 0x00000006ce300000, 0x00000006ce300000| Untracked 
|  40|0x00000006ce400000, 0x00000006ce400000, 0x00000006ce500000|  0%| F|  |TAMS 0x00000006ce400000, 0x00000006ce400000| Untracked 
|  41|0x00000006ce500000, 0x00000006ce500000, 0x00000006ce600000|  0%| F|  |TAMS 0x00000006ce500000, 0x00000006ce500000| Untracked 
|  42|0x00000006ce600000, 0x00000006ce600000, 0x00000006ce700000|  0%| F|  |TAMS 0x00000006ce600000, 0x00000006ce600000| Untracked 
|  43|0x00000006ce700000, 0x00000006ce700000, 0x00000006ce800000|  0%| F|  |TAMS 0x00000006ce700000, 0x00000006ce700000| Untracked 
|  44|0x00000006ce800000, 0x00000006ce800000, 0x00000006ce900000|  0%| F|  |TAMS 0x00000006ce800000, 0x00000006ce800000| Untracked 
|  45|0x00000006ce900000, 0x00000006ce900000, 0x00000006cea00000|  0%| F|  |TAMS 0x00000006ce900000, 0x00000006ce900000| Untracked 
|  46|0x00000006cea00000, 0x00000006cea00000, 0x00000006ceb00000|  0%| F|  |TAMS 0x00000006cea00000, 0x00000006cea00000| Untracked 
|  47|0x00000006ceb00000, 0x00000006ceb00000, 0x00000006cec00000|  0%| F|  |TAMS 0x00000006ceb00000, 0x00000006ceb00000| Untracked 
|  48|0x00000006cec00000, 0x00000006cec00000, 0x00000006ced00000|  0%| F|  |TAMS 0x00000006cec00000, 0x00000006cec00000| Untracked 
|  49|0x00000006ced00000, 0x00000006ced00000, 0x00000006cee00000|  0%| F|  |TAMS 0x00000006ced00000, 0x00000006ced00000| Untracked 
|  50|0x00000006cee00000, 0x00000006cee00000, 0x00000006cef00000|  0%| F|  |TAMS 0x00000006cee00000, 0x00000006cee00000| Untracked 
|  51|0x00000006cef00000, 0x00000006cef00000, 0x00000006cf000000|  0%| F|  |TAMS 0x00000006cef00000, 0x00000006cef00000| Untracked 
|  52|0x00000006cf000000, 0x00000006cf000000, 0x00000006cf100000|  0%| F|  |TAMS 0x00000006cf000000, 0x00000006cf000000| Untracked 
|  53|0x00000006cf100000, 0x00000006cf100000, 0x00000006cf200000|  0%| F|  |TAMS 0x00000006cf100000, 0x00000006cf100000| Untracked 
|  54|0x00000006cf200000, 0x00000006cf200000, 0x00000006cf300000|  0%| F|  |TAMS 0x00000006cf200000, 0x00000006cf200000| Untracked 
|  55|0x00000006cf300000, 0x00000006cf300000, 0x00000006cf400000|  0%| F|  |TAMS 0x00000006cf300000, 0x00000006cf300000| Untracked 
|  56|0x00000006cf400000, 0x00000006cf400000, 0x00000006cf500000|  0%| F|  |TAMS 0x00000006cf400000, 0x00000006cf400000| Untracked 
|  57|0x00000006cf500000, 0x00000006cf500000, 0x00000006cf600000|  0%| F|  |TAMS 0x00000006cf500000, 0x00000006cf500000| Untracked 
|  58|0x00000006cf600000, 0x00000006cf600000, 0x00000006cf700000|  0%| F|  |TAMS 0x00000006cf600000, 0x00000006cf600000| Untracked 
|  59|0x00000006cf700000, 0x00000006cf700000, 0x00000006cf800000|  0%| F|  |TAMS 0x00000006cf700000, 0x00000006cf700000| Untracked 
|  60|0x00000006cf800000, 0x00000006cf800000, 0x00000006cf900000|  0%| F|  |TAMS 0x00000006cf800000, 0x00000006cf800000| Untracked 
|  61|0x00000006cf900000, 0x00000006cf900000, 0x00000006cfa00000|  0%| F|  |TAMS 0x00000006cf900000, 0x00000006cf900000| Untracked 
|  62|0x00000006cfa00000, 0x00000006cfa00000, 0x00000006cfb00000|  0%| F|  |TAMS 0x00000006cfa00000, 0x00000006cfa00000| Untracked 
|  63|0x00000006cfb00000, 0x00000006cfb00000, 0x00000006cfc00000|  0%| F|  |TAMS 0x00000006cfb00000, 0x00000006cfb00000| Untracked 
|  64|0x00000006cfc00000, 0x00000006cfc00000, 0x00000006cfd00000|  0%| F|  |TAMS 0x00000006cfc00000, 0x00000006cfc00000| Untracked 
|  65|0x00000006cfd00000, 0x00000006cfd00000, 0x00000006cfe00000|  0%| F|  |TAMS 0x00000006cfd00000, 0x00000006cfd00000| Untracked 
|  66|0x00000006cfe00000, 0x00000006cfe00000, 0x00000006cff00000|  0%| F|  |TAMS 0x00000006cfe00000, 0x00000006cfe00000| Untracked 
|  67|0x00000006cff00000, 0x00000006cff00000, 0x00000006d0000000|  0%| F|  |TAMS 0x00000006cff00000, 0x00000006cff00000| Untracked 
|  68|0x00000006d0000000, 0x00000006d0000000, 0x00000006d0100000|  0%| F|  |TAMS 0x00000006d0000000, 0x00000006d0000000| Untracked 
|  69|0x00000006d0100000, 0x00000006d0100000, 0x00000006d0200000|  0%| F|  |TAMS 0x00000006d0100000, 0x00000006d0100000| Untracked 
|  70|0x00000006d0200000, 0x00000006d0200000, 0x00000006d0300000|  0%| F|  |TAMS 0x00000006d0200000, 0x00000006d0200000| Untracked 
|  71|0x00000006d0300000, 0x00000006d0300000, 0x00000006d0400000|  0%| F|  |TAMS 0x00000006d0300000, 0x00000006d0300000| Untracked 
|  72|0x00000006d0400000, 0x00000006d0400000, 0x00000006d0500000|  0%| F|  |TAMS 0x00000006d0400000, 0x00000006d0400000| Untracked 
|  73|0x00000006d0500000, 0x00000006d0500000, 0x00000006d0600000|  0%| F|  |TAMS 0x00000006d0500000, 0x00000006d0500000| Untracked 
|  74|0x00000006d0600000, 0x00000006d0600000, 0x00000006d0700000|  0%| F|  |TAMS 0x00000006d0600000, 0x00000006d0600000| Untracked 
|  75|0x00000006d0700000, 0x00000006d0700000, 0x00000006d0800000|  0%| F|  |TAMS 0x00000006d0700000, 0x00000006d0700000| Untracked 
|  76|0x00000006d0800000, 0x00000006d0800000, 0x00000006d0900000|  0%| F|  |TAMS 0x00000006d0800000, 0x00000006d0800000| Untracked 
|  77|0x00000006d0900000, 0x00000006d0900000, 0x00000006d0a00000|  0%| F|  |TAMS 0x00000006d0900000, 0x00000006d0900000| Untracked 
|  78|0x00000006d0a00000, 0x00000006d0a00000, 0x00000006d0b00000|  0%| F|  |TAMS 0x00000006d0a00000, 0x00000006d0a00000| Untracked 
|  79|0x00000006d0b00000, 0x00000006d0b00000, 0x00000006d0c00000|  0%| F|  |TAMS 0x00000006d0b00000, 0x00000006d0b00000| Untracked 
|  80|0x00000006d0c00000, 0x00000006d0c00000, 0x00000006d0d00000|  0%| F|  |TAMS 0x00000006d0c00000, 0x00000006d0c00000| Untracked 
|  81|0x00000006d0d00000, 0x00000006d0d00000, 0x00000006d0e00000|  0%| F|  |TAMS 0x00000006d0d00000, 0x00000006d0d00000| Untracked 
|  82|0x00000006d0e00000, 0x00000006d0e00000, 0x00000006d0f00000|  0%| F|  |TAMS 0x00000006d0e00000, 0x00000006d0e00000| Untracked 
|  83|0x00000006d0f00000, 0x00000006d0f00000, 0x00000006d1000000|  0%| F|  |TAMS 0x00000006d0f00000, 0x00000006d0f00000| Untracked 
|  84|0x00000006d1000000, 0x00000006d1000000, 0x00000006d1100000|  0%| F|  |TAMS 0x00000006d1000000, 0x00000006d1000000| Untracked 
|  85|0x00000006d1100000, 0x00000006d1100000, 0x00000006d1200000|  0%| F|  |TAMS 0x00000006d1100000, 0x00000006d1100000| Untracked 
|  86|0x00000006d1200000, 0x00000006d1200000, 0x00000006d1300000|  0%| F|  |TAMS 0x00000006d1200000, 0x00000006d1200000| Untracked 
|  87|0x00000006d1300000, 0x00000006d1300000, 0x00000006d1400000|  0%| F|  |TAMS 0x00000006d1300000, 0x00000006d1300000| Untracked 
|  88|0x00000006d1400000, 0x00000006d1400000, 0x00000006d1500000|  0%| F|  |TAMS 0x00000006d1400000, 0x00000006d1400000| Untracked 
|  89|0x00000006d1500000, 0x00000006d1500000, 0x00000006d1600000|  0%| F|  |TAMS 0x00000006d1500000, 0x00000006d1500000| Untracked 
|  90|0x00000006d1600000, 0x00000006d1600000, 0x00000006d1700000|  0%| F|  |TAMS 0x00000006d1600000, 0x00000006d1600000| Untracked 
|  91|0x00000006d1700000, 0x00000006d1700000, 0x00000006d1800000|  0%| F|  |TAMS 0x00000006d1700000, 0x00000006d1700000| Untracked 
|  92|0x00000006d1800000, 0x00000006d1800000, 0x00000006d1900000|  0%| F|  |TAMS 0x00000006d1800000, 0x00000006d1800000| Untracked 
|  93|0x00000006d1900000, 0x00000006d1900000, 0x00000006d1a00000|  0%| F|  |TAMS 0x00000006d1900000, 0x00000006d1900000| Untracked 
|  94|0x00000006d1a00000, 0x00000006d1a00000, 0x00000006d1b00000|  0%| F|  |TAMS 0x00000006d1a00000, 0x00000006d1a00000| Untracked 
|  95|0x00000006d1b00000, 0x00000006d1b00000, 0x00000006d1c00000|  0%| F|  |TAMS 0x00000006d1b00000, 0x00000006d1b00000| Untracked 
|  96|0x00000006d1c00000, 0x00000006d1c00000, 0x00000006d1d00000|  0%| F|  |TAMS 0x00000006d1c00000, 0x00000006d1c00000| Untracked 
|  97|0x00000006d1d00000, 0x00000006d1d00000, 0x00000006d1e00000|  0%| F|  |TAMS 0x00000006d1d00000, 0x00000006d1d00000| Untracked 
|  98|0x00000006d1e00000, 0x00000006d1e00000, 0x00000006d1f00000|  0%| F|  |TAMS 0x00000006d1e00000, 0x00000006d1e00000| Untracked 
|  99|0x00000006d1f00000, 0x00000006d1f00000, 0x00000006d2000000|  0%| F|  |TAMS 0x00000006d1f00000, 0x00000006d1f00000| Untracked 
| 100|0x00000006d2000000, 0x00000006d2000000, 0x00000006d2100000|  0%| F|  |TAMS 0x00000006d2000000, 0x00000006d2000000| Untracked 
| 101|0x00000006d2100000, 0x00000006d2100000, 0x00000006d2200000|  0%| F|  |TAMS 0x00000006d2100000, 0x00000006d2100000| Untracked 
| 102|0x00000006d2200000, 0x00000006d2200000, 0x00000006d2300000|  0%| F|  |TAMS 0x00000006d2200000, 0x00000006d2200000| Untracked 
| 103|0x00000006d2300000, 0x00000006d2300000, 0x00000006d2400000|  0%| F|  |TAMS 0x00000006d2300000, 0x00000006d2300000| Untracked 
| 104|0x00000006d2400000, 0x00000006d2400000, 0x00000006d2500000|  0%| F|  |TAMS 0x00000006d2400000, 0x00000006d2400000| Untracked 
| 105|0x00000006d2500000, 0x00000006d2500000, 0x00000006d2600000|  0%| F|  |TAMS 0x00000006d2500000, 0x00000006d2500000| Untracked 
| 106|0x00000006d2600000, 0x00000006d2600000, 0x00000006d2700000|  0%| F|  |TAMS 0x00000006d2600000, 0x00000006d2600000| Untracked 
| 107|0x00000006d2700000, 0x00000006d2700000, 0x00000006d2800000|  0%| F|  |TAMS 0x00000006d2700000, 0x00000006d2700000| Untracked 
| 108|0x00000006d2800000, 0x00000006d2800000, 0x00000006d2900000|  0%| F|  |TAMS 0x00000006d2800000, 0x00000006d2800000| Untracked 
| 109|0x00000006d2900000, 0x00000006d2900000, 0x00000006d2a00000|  0%| F|  |TAMS 0x00000006d2900000, 0x00000006d2900000| Untracked 
| 110|0x00000006d2a00000, 0x00000006d2a00000, 0x00000006d2b00000|  0%| F|  |TAMS 0x00000006d2a00000, 0x00000006d2a00000| Untracked 
| 111|0x00000006d2b00000, 0x00000006d2b00000, 0x00000006d2c00000|  0%| F|  |TAMS 0x00000006d2b00000, 0x00000006d2b00000| Untracked 
| 112|0x00000006d2c00000, 0x00000006d2c00000, 0x00000006d2d00000|  0%| F|  |TAMS 0x00000006d2c00000, 0x00000006d2c00000| Untracked 
| 113|0x00000006d2d00000, 0x00000006d2d00000, 0x00000006d2e00000|  0%| F|  |TAMS 0x00000006d2d00000, 0x00000006d2d00000| Untracked 
| 114|0x00000006d2e00000, 0x00000006d2e00000, 0x00000006d2f00000|  0%| F|  |TAMS 0x00000006d2e00000, 0x00000006d2e00000| Untracked 
| 115|0x00000006d2f00000, 0x00000006d2f00000, 0x00000006d3000000|  0%| F|  |TAMS 0x00000006d2f00000, 0x00000006d2f00000| Untracked 
| 116|0x00000006d3000000, 0x00000006d3000000, 0x00000006d3100000|  0%| F|  |TAMS 0x00000006d3000000, 0x00000006d3000000| Untracked 
| 117|0x00000006d3100000, 0x00000006d3100000, 0x00000006d3200000|  0%| F|  |TAMS 0x00000006d3100000, 0x00000006d3100000| Untracked 
| 118|0x00000006d3200000, 0x00000006d3200000, 0x00000006d3300000|  0%| F|  |TAMS 0x00000006d3200000, 0x00000006d3200000| Untracked 
| 119|0x00000006d3300000, 0x00000006d3300000, 0x00000006d3400000|  0%| F|  |TAMS 0x00000006d3300000, 0x00000006d3300000| Untracked 
| 120|0x00000006d3400000, 0x00000006d3400000, 0x00000006d3500000|  0%| F|  |TAMS 0x00000006d3400000, 0x00000006d3400000| Untracked 
| 121|0x00000006d3500000, 0x00000006d3500000, 0x00000006d3600000|  0%| F|  |TAMS 0x00000006d3500000, 0x00000006d3500000| Untracked 
| 122|0x00000006d3600000, 0x00000006d3600000, 0x00000006d3700000|  0%| F|  |TAMS 0x00000006d3600000, 0x00000006d3600000| Untracked 
| 123|0x00000006d3700000, 0x00000006d3700000, 0x00000006d3800000|  0%| F|  |TAMS 0x00000006d3700000, 0x00000006d3700000| Untracked 
| 124|0x00000006d3800000, 0x00000006d3800000, 0x00000006d3900000|  0%| F|  |TAMS 0x00000006d3800000, 0x00000006d3800000| Untracked 
| 125|0x00000006d3900000, 0x00000006d3900000, 0x00000006d3a00000|  0%| F|  |TAMS 0x00000006d3900000, 0x00000006d3900000| Untracked 
| 126|0x00000006d3a00000, 0x00000006d3a00000, 0x00000006d3b00000|  0%| F|  |TAMS 0x00000006d3a00000, 0x00000006d3a00000| Untracked 
| 127|0x00000006d3b00000, 0x00000006d3b00000, 0x00000006d3c00000|  0%| F|  |TAMS 0x00000006d3b00000, 0x00000006d3b00000| Untracked 
| 128|0x00000006d3c00000, 0x00000006d3c00000, 0x00000006d3d00000|  0%| F|  |TAMS 0x00000006d3c00000, 0x00000006d3c00000| Untracked 
| 129|0x00000006d3d00000, 0x00000006d3d00000, 0x00000006d3e00000|  0%| F|  |TAMS 0x00000006d3d00000, 0x00000006d3d00000| Untracked 
| 130|0x00000006d3e00000, 0x00000006d3e00000, 0x00000006d3f00000|  0%| F|  |TAMS 0x00000006d3e00000, 0x00000006d3e00000| Untracked 
| 131|0x00000006d3f00000, 0x00000006d3f00000, 0x00000006d4000000|  0%| F|  |TAMS 0x00000006d3f00000, 0x00000006d3f00000| Untracked 
| 132|0x00000006d4000000, 0x00000006d4000000, 0x00000006d4100000|  0%| F|  |TAMS 0x00000006d4000000, 0x00000006d4000000| Untracked 
| 133|0x00000006d4100000, 0x00000006d4100000, 0x00000006d4200000|  0%| F|  |TAMS 0x00000006d4100000, 0x00000006d4100000| Untracked 
| 134|0x00000006d4200000, 0x00000006d4200000, 0x00000006d4300000|  0%| F|  |TAMS 0x00000006d4200000, 0x00000006d4200000| Untracked 
| 135|0x00000006d4300000, 0x00000006d4300000, 0x00000006d4400000|  0%| F|  |TAMS 0x00000006d4300000, 0x00000006d4300000| Untracked 
| 136|0x00000006d4400000, 0x00000006d4400000, 0x00000006d4500000|  0%| F|  |TAMS 0x00000006d4400000, 0x00000006d4400000| Untracked 
| 137|0x00000006d4500000, 0x00000006d4500000, 0x00000006d4600000|  0%| F|  |TAMS 0x00000006d4500000, 0x00000006d4500000| Untracked 
| 138|0x00000006d4600000, 0x00000006d4600000, 0x00000006d4700000|  0%| F|  |TAMS 0x00000006d4600000, 0x00000006d4600000| Untracked 
| 139|0x00000006d4700000, 0x00000006d4700000, 0x00000006d4800000|  0%| F|  |TAMS 0x00000006d4700000, 0x00000006d4700000| Untracked 
| 140|0x00000006d4800000, 0x00000006d4800000, 0x00000006d4900000|  0%| F|  |TAMS 0x00000006d4800000, 0x00000006d4800000| Untracked 
| 141|0x00000006d4900000, 0x00000006d4900000, 0x00000006d4a00000|  0%| F|  |TAMS 0x00000006d4900000, 0x00000006d4900000| Untracked 
| 142|0x00000006d4a00000, 0x00000006d4a00000, 0x00000006d4b00000|  0%| F|  |TAMS 0x00000006d4a00000, 0x00000006d4a00000| Untracked 
| 143|0x00000006d4b00000, 0x00000006d4b00000, 0x00000006d4c00000|  0%| F|  |TAMS 0x00000006d4b00000, 0x00000006d4b00000| Untracked 
| 144|0x00000006d4c00000, 0x00000006d4c00000, 0x00000006d4d00000|  0%| F|  |TAMS 0x00000006d4c00000, 0x00000006d4c00000| Untracked 
| 145|0x00000006d4d00000, 0x00000006d4d00000, 0x00000006d4e00000|  0%| F|  |TAMS 0x00000006d4d00000, 0x00000006d4d00000| Untracked 
| 146|0x00000006d4e00000, 0x00000006d4e00000, 0x00000006d4f00000|  0%| F|  |TAMS 0x00000006d4e00000, 0x00000006d4e00000| Untracked 
| 147|0x00000006d4f00000, 0x00000006d4f00000, 0x00000006d5000000|  0%| F|  |TAMS 0x00000006d4f00000, 0x00000006d4f00000| Untracked 
| 148|0x00000006d5000000, 0x00000006d5000000, 0x00000006d5100000|  0%| F|  |TAMS 0x00000006d5000000, 0x00000006d5000000| Untracked 
| 149|0x00000006d5100000, 0x00000006d5100000, 0x00000006d5200000|  0%| F|  |TAMS 0x00000006d5100000, 0x00000006d5100000| Untracked 
| 150|0x00000006d5200000, 0x00000006d5200000, 0x00000006d5300000|  0%| F|  |TAMS 0x00000006d5200000, 0x00000006d5200000| Untracked 
| 151|0x00000006d5300000, 0x00000006d5300000, 0x00000006d5400000|  0%| F|  |TAMS 0x00000006d5300000, 0x00000006d5300000| Untracked 
| 152|0x00000006d5400000, 0x00000006d5400000, 0x00000006d5500000|  0%| F|  |TAMS 0x00000006d5400000, 0x00000006d5400000| Untracked 
| 153|0x00000006d5500000, 0x00000006d5500000, 0x00000006d5600000|  0%| F|  |TAMS 0x00000006d5500000, 0x00000006d5500000| Untracked 
| 154|0x00000006d5600000, 0x00000006d5600000, 0x00000006d5700000|  0%| F|  |TAMS 0x00000006d5600000, 0x00000006d5600000| Untracked 
| 155|0x00000006d5700000, 0x00000006d5700000, 0x00000006d5800000|  0%| F|  |TAMS 0x00000006d5700000, 0x00000006d5700000| Untracked 
| 156|0x00000006d5800000, 0x00000006d5800000, 0x00000006d5900000|  0%| F|  |TAMS 0x00000006d5800000, 0x00000006d5800000| Untracked 
| 157|0x00000006d5900000, 0x00000006d5900000, 0x00000006d5a00000|  0%| F|  |TAMS 0x00000006d5900000, 0x00000006d5900000| Untracked 
| 158|0x00000006d5a00000, 0x00000006d5a00000, 0x00000006d5b00000|  0%| F|  |TAMS 0x00000006d5a00000, 0x00000006d5a00000| Untracked 
| 159|0x00000006d5b00000, 0x00000006d5b00000, 0x00000006d5c00000|  0%| F|  |TAMS 0x00000006d5b00000, 0x00000006d5b00000| Untracked 
| 160|0x00000006d5c00000, 0x00000006d5c00000, 0x00000006d5d00000|  0%| F|  |TAMS 0x00000006d5c00000, 0x00000006d5c00000| Untracked 
| 161|0x00000006d5d00000, 0x00000006d5d00000, 0x00000006d5e00000|  0%| F|  |TAMS 0x00000006d5d00000, 0x00000006d5d00000| Untracked 
| 162|0x00000006d5e00000, 0x00000006d5e00000, 0x00000006d5f00000|  0%| F|  |TAMS 0x00000006d5e00000, 0x00000006d5e00000| Untracked 
| 163|0x00000006d5f00000, 0x00000006d5f00000, 0x00000006d6000000|  0%| F|  |TAMS 0x00000006d5f00000, 0x00000006d5f00000| Untracked 
| 164|0x00000006d6000000, 0x00000006d6000000, 0x00000006d6100000|  0%| F|  |TAMS 0x00000006d6000000, 0x00000006d6000000| Untracked 
| 165|0x00000006d6100000, 0x00000006d6100000, 0x00000006d6200000|  0%| F|  |TAMS 0x00000006d6100000, 0x00000006d6100000| Untracked 
| 166|0x00000006d6200000, 0x00000006d6200000, 0x00000006d6300000|  0%| F|  |TAMS 0x00000006d6200000, 0x00000006d6200000| Untracked 
| 167|0x00000006d6300000, 0x00000006d6300000, 0x00000006d6400000|  0%| F|  |TAMS 0x00000006d6300000, 0x00000006d6300000| Untracked 
| 168|0x00000006d6400000, 0x00000006d6400000, 0x00000006d6500000|  0%| F|  |TAMS 0x00000006d6400000, 0x00000006d6400000| Untracked 
| 169|0x00000006d6500000, 0x00000006d6500000, 0x00000006d6600000|  0%| F|  |TAMS 0x00000006d6500000, 0x00000006d6500000| Untracked 
| 170|0x00000006d6600000, 0x00000006d6600000, 0x00000006d6700000|  0%| F|  |TAMS 0x00000006d6600000, 0x00000006d6600000| Untracked 
| 171|0x00000006d6700000, 0x00000006d6700000, 0x00000006d6800000|  0%| F|  |TAMS 0x00000006d6700000, 0x00000006d6700000| Untracked 
| 172|0x00000006d6800000, 0x00000006d6800000, 0x00000006d6900000|  0%| F|  |TAMS 0x00000006d6800000, 0x00000006d6800000| Untracked 
| 173|0x00000006d6900000, 0x00000006d6900000, 0x00000006d6a00000|  0%| F|  |TAMS 0x00000006d6900000, 0x00000006d6900000| Untracked 
| 174|0x00000006d6a00000, 0x00000006d6a00000, 0x00000006d6b00000|  0%| F|  |TAMS 0x00000006d6a00000, 0x00000006d6a00000| Untracked 
| 175|0x00000006d6b00000, 0x00000006d6b00000, 0x00000006d6c00000|  0%| F|  |TAMS 0x00000006d6b00000, 0x00000006d6b00000| Untracked 
| 176|0x00000006d6c00000, 0x00000006d6c00000, 0x00000006d6d00000|  0%| F|  |TAMS 0x00000006d6c00000, 0x00000006d6c00000| Untracked 
| 177|0x00000006d6d00000, 0x00000006d6d00000, 0x00000006d6e00000|  0%| F|  |TAMS 0x00000006d6d00000, 0x00000006d6d00000| Untracked 
| 178|0x00000006d6e00000, 0x00000006d6e00000, 0x00000006d6f00000|  0%| F|  |TAMS 0x00000006d6e00000, 0x00000006d6e00000| Untracked 
| 179|0x00000006d6f00000, 0x00000006d6f00000, 0x00000006d7000000|  0%| F|  |TAMS 0x00000006d6f00000, 0x00000006d6f00000| Untracked 
| 180|0x00000006d7000000, 0x00000006d7000000, 0x00000006d7100000|  0%| F|  |TAMS 0x00000006d7000000, 0x00000006d7000000| Untracked 
| 181|0x00000006d7100000, 0x00000006d7100000, 0x00000006d7200000|  0%| F|  |TAMS 0x00000006d7100000, 0x00000006d7100000| Untracked 
| 182|0x00000006d7200000, 0x00000006d7200000, 0x00000006d7300000|  0%| F|  |TAMS 0x00000006d7200000, 0x00000006d7200000| Untracked 
| 183|0x00000006d7300000, 0x00000006d7300000, 0x00000006d7400000|  0%| F|  |TAMS 0x00000006d7300000, 0x00000006d7300000| Untracked 
| 184|0x00000006d7400000, 0x00000006d7400000, 0x00000006d7500000|  0%| F|  |TAMS 0x00000006d7400000, 0x00000006d7400000| Untracked 
| 185|0x00000006d7500000, 0x00000006d7500000, 0x00000006d7600000|  0%| F|  |TAMS 0x00000006d7500000, 0x00000006d7500000| Untracked 
| 186|0x00000006d7600000, 0x00000006d7600000, 0x00000006d7700000|  0%| F|  |TAMS 0x00000006d7600000, 0x00000006d7600000| Untracked 
| 187|0x00000006d7700000, 0x00000006d7700000, 0x00000006d7800000|  0%| F|  |TAMS 0x00000006d7700000, 0x00000006d7700000| Untracked 
| 188|0x00000006d7800000, 0x00000006d7800000, 0x00000006d7900000|  0%| F|  |TAMS 0x00000006d7800000, 0x00000006d7800000| Untracked 
| 189|0x00000006d7900000, 0x00000006d7900000, 0x00000006d7a00000|  0%| F|  |TAMS 0x00000006d7900000, 0x00000006d7900000| Untracked 
| 190|0x00000006d7a00000, 0x00000006d7a00000, 0x00000006d7b00000|  0%| F|  |TAMS 0x00000006d7a00000, 0x00000006d7a00000| Untracked 
| 191|0x00000006d7b00000, 0x00000006d7b00000, 0x00000006d7c00000|  0%| F|  |TAMS 0x00000006d7b00000, 0x00000006d7b00000| Untracked 
| 192|0x00000006d7c00000, 0x00000006d7c00000, 0x00000006d7d00000|  0%| F|  |TAMS 0x00000006d7c00000, 0x00000006d7c00000| Untracked 
| 193|0x00000006d7d00000, 0x00000006d7d00000, 0x00000006d7e00000|  0%| F|  |TAMS 0x00000006d7d00000, 0x00000006d7d00000| Untracked 
| 194|0x00000006d7e00000, 0x00000006d7e00000, 0x00000006d7f00000|  0%| F|  |TAMS 0x00000006d7e00000, 0x00000006d7e00000| Untracked 
| 195|0x00000006d7f00000, 0x00000006d7f00000, 0x00000006d8000000|  0%| F|  |TAMS 0x00000006d7f00000, 0x00000006d7f00000| Untracked 
| 196|0x00000006d8000000, 0x00000006d8000000, 0x00000006d8100000|  0%| F|  |TAMS 0x00000006d8000000, 0x00000006d8000000| Untracked 
| 197|0x00000006d8100000, 0x00000006d8100000, 0x00000006d8200000|  0%| F|  |TAMS 0x00000006d8100000, 0x00000006d8100000| Untracked 
| 198|0x00000006d8200000, 0x00000006d8200000, 0x00000006d8300000|  0%| F|  |TAMS 0x00000006d8200000, 0x00000006d8200000| Untracked 
| 199|0x00000006d8300000, 0x00000006d8300000, 0x00000006d8400000|  0%| F|  |TAMS 0x00000006d8300000, 0x00000006d8300000| Untracked 
| 200|0x00000006d8400000, 0x00000006d8400000, 0x00000006d8500000|  0%| F|  |TAMS 0x00000006d8400000, 0x00000006d8400000| Untracked 
| 201|0x00000006d8500000, 0x00000006d8500000, 0x00000006d8600000|  0%| F|  |TAMS 0x00000006d8500000, 0x00000006d8500000| Untracked 
| 202|0x00000006d8600000, 0x00000006d8600000, 0x00000006d8700000|  0%| F|  |TAMS 0x00000006d8600000, 0x00000006d8600000| Untracked 
| 203|0x00000006d8700000, 0x00000006d8700000, 0x00000006d8800000|  0%| F|  |TAMS 0x00000006d8700000, 0x00000006d8700000| Untracked 
| 204|0x00000006d8800000, 0x00000006d8800000, 0x00000006d8900000|  0%| F|  |TAMS 0x00000006d8800000, 0x00000006d8800000| Untracked 
| 205|0x00000006d8900000, 0x00000006d8900000, 0x00000006d8a00000|  0%| F|  |TAMS 0x00000006d8900000, 0x00000006d8900000| Untracked 
| 206|0x00000006d8a00000, 0x00000006d8a00000, 0x00000006d8b00000|  0%| F|  |TAMS 0x00000006d8a00000, 0x00000006d8a00000| Untracked 
| 207|0x00000006d8b00000, 0x00000006d8b00000, 0x00000006d8c00000|  0%| F|  |TAMS 0x00000006d8b00000, 0x00000006d8b00000| Untracked 
| 208|0x00000006d8c00000, 0x00000006d8c00000, 0x00000006d8d00000|  0%| F|  |TAMS 0x00000006d8c00000, 0x00000006d8c00000| Untracked 
| 209|0x00000006d8d00000, 0x00000006d8d00000, 0x00000006d8e00000|  0%| F|  |TAMS 0x00000006d8d00000, 0x00000006d8d00000| Untracked 
| 210|0x00000006d8e00000, 0x00000006d8e00000, 0x00000006d8f00000|  0%| F|  |TAMS 0x00000006d8e00000, 0x00000006d8e00000| Untracked 
| 211|0x00000006d8f00000, 0x00000006d8f00000, 0x00000006d9000000|  0%| F|  |TAMS 0x00000006d8f00000, 0x00000006d8f00000| Untracked 
| 212|0x00000006d9000000, 0x00000006d9000000, 0x00000006d9100000|  0%| F|  |TAMS 0x00000006d9000000, 0x00000006d9000000| Untracked 
| 213|0x00000006d9100000, 0x00000006d9100000, 0x00000006d9200000|  0%| F|  |TAMS 0x00000006d9100000, 0x00000006d9100000| Untracked 
| 214|0x00000006d9200000, 0x00000006d9200000, 0x00000006d9300000|  0%| F|  |TAMS 0x00000006d9200000, 0x00000006d9200000| Untracked 
| 215|0x00000006d9300000, 0x00000006d9300000, 0x00000006d9400000|  0%| F|  |TAMS 0x00000006d9300000, 0x00000006d9300000| Untracked 
| 216|0x00000006d9400000, 0x00000006d9400000, 0x00000006d9500000|  0%| F|  |TAMS 0x00000006d9400000, 0x00000006d9400000| Untracked 
| 217|0x00000006d9500000, 0x00000006d9500000, 0x00000006d9600000|  0%| F|  |TAMS 0x00000006d9500000, 0x00000006d9500000| Untracked 
| 218|0x00000006d9600000, 0x00000006d9600000, 0x00000006d9700000|  0%| F|  |TAMS 0x00000006d9600000, 0x00000006d9600000| Untracked 
| 219|0x00000006d9700000, 0x00000006d9700000, 0x00000006d9800000|  0%| F|  |TAMS 0x00000006d9700000, 0x00000006d9700000| Untracked 
| 220|0x00000006d9800000, 0x00000006d9800000, 0x00000006d9900000|  0%| F|  |TAMS 0x00000006d9800000, 0x00000006d9800000| Untracked 
| 221|0x00000006d9900000, 0x00000006d9900000, 0x00000006d9a00000|  0%| F|  |TAMS 0x00000006d9900000, 0x00000006d9900000| Untracked 
| 222|0x00000006d9a00000, 0x00000006d9a00000, 0x00000006d9b00000|  0%| F|  |TAMS 0x00000006d9a00000, 0x00000006d9a00000| Untracked 
| 223|0x00000006d9b00000, 0x00000006d9b00000, 0x00000006d9c00000|  0%| F|  |TAMS 0x00000006d9b00000, 0x00000006d9b00000| Untracked 
| 224|0x00000006d9c00000, 0x00000006d9c00000, 0x00000006d9d00000|  0%| F|  |TAMS 0x00000006d9c00000, 0x00000006d9c00000| Untracked 
| 225|0x00000006d9d00000, 0x00000006d9d00000, 0x00000006d9e00000|  0%| F|  |TAMS 0x00000006d9d00000, 0x00000006d9d00000| Untracked 
| 226|0x00000006d9e00000, 0x00000006d9e00000, 0x00000006d9f00000|  0%| F|  |TAMS 0x00000006d9e00000, 0x00000006d9e00000| Untracked 
| 227|0x00000006d9f00000, 0x00000006d9f00000, 0x00000006da000000|  0%| F|  |TAMS 0x00000006d9f00000, 0x00000006d9f00000| Untracked 
| 228|0x00000006da000000, 0x00000006da000000, 0x00000006da100000|  0%| F|  |TAMS 0x00000006da000000, 0x00000006da000000| Untracked 
| 229|0x00000006da100000, 0x00000006da100000, 0x00000006da200000|  0%| F|  |TAMS 0x00000006da100000, 0x00000006da100000| Untracked 
| 230|0x00000006da200000, 0x00000006da200000, 0x00000006da300000|  0%| F|  |TAMS 0x00000006da200000, 0x00000006da200000| Untracked 
| 231|0x00000006da300000, 0x00000006da300000, 0x00000006da400000|  0%| F|  |TAMS 0x00000006da300000, 0x00000006da300000| Untracked 
| 232|0x00000006da400000, 0x00000006da400000, 0x00000006da500000|  0%| F|  |TAMS 0x00000006da400000, 0x00000006da400000| Untracked 
| 233|0x00000006da500000, 0x00000006da500000, 0x00000006da600000|  0%| F|  |TAMS 0x00000006da500000, 0x00000006da500000| Untracked 
| 234|0x00000006da600000, 0x00000006da600000, 0x00000006da700000|  0%| F|  |TAMS 0x00000006da600000, 0x00000006da600000| Untracked 
| 235|0x00000006da700000, 0x00000006da700000, 0x00000006da800000|  0%| F|  |TAMS 0x00000006da700000, 0x00000006da700000| Untracked 
| 236|0x00000006da800000, 0x00000006da800000, 0x00000006da900000|  0%| F|  |TAMS 0x00000006da800000, 0x00000006da800000| Untracked 
| 237|0x00000006da900000, 0x00000006da900000, 0x00000006daa00000|  0%| F|  |TAMS 0x00000006da900000, 0x00000006da900000| Untracked 
| 238|0x00000006daa00000, 0x00000006daa00000, 0x00000006dab00000|  0%| F|  |TAMS 0x00000006daa00000, 0x00000006daa00000| Untracked 
| 239|0x00000006dab00000, 0x00000006dab00000, 0x00000006dac00000|  0%| F|  |TAMS 0x00000006dab00000, 0x00000006dab00000| Untracked 
| 240|0x00000006dac00000, 0x00000006dac00000, 0x00000006dad00000|  0%| F|  |TAMS 0x00000006dac00000, 0x00000006dac00000| Untracked 
| 241|0x00000006dad00000, 0x00000006dad00000, 0x00000006dae00000|  0%| F|  |TAMS 0x00000006dad00000, 0x00000006dad00000| Untracked 
| 242|0x00000006dae00000, 0x00000006dae00000, 0x00000006daf00000|  0%| F|  |TAMS 0x00000006dae00000, 0x00000006dae00000| Untracked 
| 243|0x00000006daf00000, 0x00000006daf00000, 0x00000006db000000|  0%| F|  |TAMS 0x00000006daf00000, 0x00000006daf00000| Untracked 
| 244|0x00000006db000000, 0x00000006db000000, 0x00000006db100000|  0%| F|  |TAMS 0x00000006db000000, 0x00000006db000000| Untracked 
| 245|0x00000006db100000, 0x00000006db100000, 0x00000006db200000|  0%| F|  |TAMS 0x00000006db100000, 0x00000006db100000| Untracked 
| 246|0x00000006db200000, 0x00000006db200000, 0x00000006db300000|  0%| F|  |TAMS 0x00000006db200000, 0x00000006db200000| Untracked 
| 247|0x00000006db300000, 0x00000006db300000, 0x00000006db400000|  0%| F|  |TAMS 0x00000006db300000, 0x00000006db300000| Untracked 
| 248|0x00000006db400000, 0x00000006db400000, 0x00000006db500000|  0%| F|  |TAMS 0x00000006db400000, 0x00000006db400000| Untracked 
| 249|0x00000006db500000, 0x00000006db500000, 0x00000006db600000|  0%| F|  |TAMS 0x00000006db500000, 0x00000006db500000| Untracked 
| 250|0x00000006db600000, 0x00000006db600000, 0x00000006db700000|  0%| F|  |TAMS 0x00000006db600000, 0x00000006db600000| Untracked 
| 251|0x00000006db700000, 0x00000006db700000, 0x00000006db800000|  0%| F|  |TAMS 0x00000006db700000, 0x00000006db700000| Untracked 
| 252|0x00000006db800000, 0x00000006db800000, 0x00000006db900000|  0%| F|  |TAMS 0x00000006db800000, 0x00000006db800000| Untracked 
| 253|0x00000006db900000, 0x00000006db900000, 0x00000006dba00000|  0%| F|  |TAMS 0x00000006db900000, 0x00000006db900000| Untracked 
| 254|0x00000006dba00000, 0x00000006dba00000, 0x00000006dbb00000|  0%| F|  |TAMS 0x00000006dba00000, 0x00000006dba00000| Untracked 
| 255|0x00000006dbb00000, 0x00000006dbb00000, 0x00000006dbc00000|  0%| F|  |TAMS 0x00000006dbb00000, 0x00000006dbb00000| Untracked 
| 256|0x00000006dbc00000, 0x00000006dbc00000, 0x00000006dbd00000|  0%| F|  |TAMS 0x00000006dbc00000, 0x00000006dbc00000| Untracked 
| 257|0x00000006dbd00000, 0x00000006dbd00000, 0x00000006dbe00000|  0%| F|  |TAMS 0x00000006dbd00000, 0x00000006dbd00000| Untracked 
| 258|0x00000006dbe00000, 0x00000006dbe00000, 0x00000006dbf00000|  0%| F|  |TAMS 0x00000006dbe00000, 0x00000006dbe00000| Untracked 
| 259|0x00000006dbf00000, 0x00000006dbf00000, 0x00000006dc000000|  0%| F|  |TAMS 0x00000006dbf00000, 0x00000006dbf00000| Untracked 
| 260|0x00000006dc000000, 0x00000006dc000000, 0x00000006dc100000|  0%| F|  |TAMS 0x00000006dc000000, 0x00000006dc000000| Untracked 
| 261|0x00000006dc100000, 0x00000006dc100000, 0x00000006dc200000|  0%| F|  |TAMS 0x00000006dc100000, 0x00000006dc100000| Untracked 
| 262|0x00000006dc200000, 0x00000006dc200000, 0x00000006dc300000|  0%| F|  |TAMS 0x00000006dc200000, 0x00000006dc200000| Untracked 
| 263|0x00000006dc300000, 0x00000006dc300000, 0x00000006dc400000|  0%| F|  |TAMS 0x00000006dc300000, 0x00000006dc300000| Untracked 
| 264|0x00000006dc400000, 0x00000006dc400000, 0x00000006dc500000|  0%| F|  |TAMS 0x00000006dc400000, 0x00000006dc400000| Untracked 
| 265|0x00000006dc500000, 0x00000006dc500000, 0x00000006dc600000|  0%| F|  |TAMS 0x00000006dc500000, 0x00000006dc500000| Untracked 
| 266|0x00000006dc600000, 0x00000006dc600000, 0x00000006dc700000|  0%| F|  |TAMS 0x00000006dc600000, 0x00000006dc600000| Untracked 
| 267|0x00000006dc700000, 0x00000006dc700000, 0x00000006dc800000|  0%| F|  |TAMS 0x00000006dc700000, 0x00000006dc700000| Untracked 
| 268|0x00000006dc800000, 0x00000006dc800000, 0x00000006dc900000|  0%| F|  |TAMS 0x00000006dc800000, 0x00000006dc800000| Untracked 
| 269|0x00000006dc900000, 0x00000006dc900000, 0x00000006dca00000|  0%| F|  |TAMS 0x00000006dc900000, 0x00000006dc900000| Untracked 
| 270|0x00000006dca00000, 0x00000006dca00000, 0x00000006dcb00000|  0%| F|  |TAMS 0x00000006dca00000, 0x00000006dca00000| Untracked 
| 271|0x00000006dcb00000, 0x00000006dcb00000, 0x00000006dcc00000|  0%| F|  |TAMS 0x00000006dcb00000, 0x00000006dcb00000| Untracked 
| 272|0x00000006dcc00000, 0x00000006dcc00000, 0x00000006dcd00000|  0%| F|  |TAMS 0x00000006dcc00000, 0x00000006dcc00000| Untracked 
| 273|0x00000006dcd00000, 0x00000006dcd00000, 0x00000006dce00000|  0%| F|  |TAMS 0x00000006dcd00000, 0x00000006dcd00000| Untracked 
| 274|0x00000006dce00000, 0x00000006dce00000, 0x00000006dcf00000|  0%| F|  |TAMS 0x00000006dce00000, 0x00000006dce00000| Untracked 
| 275|0x00000006dcf00000, 0x00000006dcf00000, 0x00000006dd000000|  0%| F|  |TAMS 0x00000006dcf00000, 0x00000006dcf00000| Untracked 
| 276|0x00000006dd000000, 0x00000006dd000000, 0x00000006dd100000|  0%| F|  |TAMS 0x00000006dd000000, 0x00000006dd000000| Untracked 
| 277|0x00000006dd100000, 0x00000006dd100000, 0x00000006dd200000|  0%| F|  |TAMS 0x00000006dd100000, 0x00000006dd100000| Untracked 
| 278|0x00000006dd200000, 0x00000006dd200000, 0x00000006dd300000|  0%| F|  |TAMS 0x00000006dd200000, 0x00000006dd200000| Untracked 
| 279|0x00000006dd300000, 0x00000006dd300000, 0x00000006dd400000|  0%| F|  |TAMS 0x00000006dd300000, 0x00000006dd300000| Untracked 
| 280|0x00000006dd400000, 0x00000006dd400000, 0x00000006dd500000|  0%| F|  |TAMS 0x00000006dd400000, 0x00000006dd400000| Untracked 
| 281|0x00000006dd500000, 0x00000006dd500000, 0x00000006dd600000|  0%| F|  |TAMS 0x00000006dd500000, 0x00000006dd500000| Untracked 
| 282|0x00000006dd600000, 0x00000006dd600000, 0x00000006dd700000|  0%| F|  |TAMS 0x00000006dd600000, 0x00000006dd600000| Untracked 
| 283|0x00000006dd700000, 0x00000006dd700000, 0x00000006dd800000|  0%| F|  |TAMS 0x00000006dd700000, 0x00000006dd700000| Untracked 
| 284|0x00000006dd800000, 0x00000006dd800000, 0x00000006dd900000|  0%| F|  |TAMS 0x00000006dd800000, 0x00000006dd800000| Untracked 
| 285|0x00000006dd900000, 0x00000006dd900000, 0x00000006dda00000|  0%| F|  |TAMS 0x00000006dd900000, 0x00000006dd900000| Untracked 
| 286|0x00000006dda00000, 0x00000006dda00000, 0x00000006ddb00000|  0%| F|  |TAMS 0x00000006dda00000, 0x00000006dda00000| Untracked 
| 287|0x00000006ddb00000, 0x00000006ddb00000, 0x00000006ddc00000|  0%| F|  |TAMS 0x00000006ddb00000, 0x00000006ddb00000| Untracked 
| 288|0x00000006ddc00000, 0x00000006ddc00000, 0x00000006ddd00000|  0%| F|  |TAMS 0x00000006ddc00000, 0x00000006ddc00000| Untracked 
| 289|0x00000006ddd00000, 0x00000006ddd00000, 0x00000006dde00000|  0%| F|  |TAMS 0x00000006ddd00000, 0x00000006ddd00000| Untracked 
| 290|0x00000006dde00000, 0x00000006dde00000, 0x00000006ddf00000|  0%| F|  |TAMS 0x00000006dde00000, 0x00000006dde00000| Untracked 
| 291|0x00000006ddf00000, 0x00000006ddf00000, 0x00000006de000000|  0%| F|  |TAMS 0x00000006ddf00000, 0x00000006ddf00000| Untracked 
| 292|0x00000006de000000, 0x00000006de000000, 0x00000006de100000|  0%| F|  |TAMS 0x00000006de000000, 0x00000006de000000| Untracked 
| 293|0x00000006de100000, 0x00000006de100000, 0x00000006de200000|  0%| F|  |TAMS 0x00000006de100000, 0x00000006de100000| Untracked 
| 294|0x00000006de200000, 0x00000006de200000, 0x00000006de300000|  0%| F|  |TAMS 0x00000006de200000, 0x00000006de200000| Untracked 
| 295|0x00000006de300000, 0x00000006de300000, 0x00000006de400000|  0%| F|  |TAMS 0x00000006de300000, 0x00000006de300000| Untracked 
| 296|0x00000006de400000, 0x00000006de400000, 0x00000006de500000|  0%| F|  |TAMS 0x00000006de400000, 0x00000006de400000| Untracked 
| 297|0x00000006de500000, 0x00000006de500000, 0x00000006de600000|  0%| F|  |TAMS 0x00000006de500000, 0x00000006de500000| Untracked 
| 298|0x00000006de600000, 0x00000006de600000, 0x00000006de700000|  0%| F|  |TAMS 0x00000006de600000, 0x00000006de600000| Untracked 
| 299|0x00000006de700000, 0x00000006de700000, 0x00000006de800000|  0%| F|  |TAMS 0x00000006de700000, 0x00000006de700000| Untracked 
| 300|0x00000006de800000, 0x00000006de800000, 0x00000006de900000|  0%| F|  |TAMS 0x00000006de800000, 0x00000006de800000| Untracked 
| 301|0x00000006de900000, 0x00000006de900000, 0x00000006dea00000|  0%| F|  |TAMS 0x00000006de900000, 0x00000006de900000| Untracked 
| 302|0x00000006dea00000, 0x00000006dea00000, 0x00000006deb00000|  0%| F|  |TAMS 0x00000006dea00000, 0x00000006dea00000| Untracked 
| 303|0x00000006deb00000, 0x00000006deb00000, 0x00000006dec00000|  0%| F|  |TAMS 0x00000006deb00000, 0x00000006deb00000| Untracked 
| 304|0x00000006dec00000, 0x00000006dec00000, 0x00000006ded00000|  0%| F|  |TAMS 0x00000006dec00000, 0x00000006dec00000| Untracked 
| 305|0x00000006ded00000, 0x00000006ded00000, 0x00000006dee00000|  0%| F|  |TAMS 0x00000006ded00000, 0x00000006ded00000| Untracked 
| 306|0x00000006dee00000, 0x00000006dee00000, 0x00000006def00000|  0%| F|  |TAMS 0x00000006dee00000, 0x00000006dee00000| Untracked 
| 307|0x00000006def00000, 0x00000006def00000, 0x00000006df000000|  0%| F|  |TAMS 0x00000006def00000, 0x00000006def00000| Untracked 
| 308|0x00000006df000000, 0x00000006df000000, 0x00000006df100000|  0%| F|  |TAMS 0x00000006df000000, 0x00000006df000000| Untracked 
| 309|0x00000006df100000, 0x00000006df200000, 0x00000006df200000|100%| E|  |TAMS 0x00000006df100000, 0x00000006df100000| Complete 
|3906|0x00000007bfe00000, 0x00000007bfe47000, 0x00000007bff00000| 27%|OA|  |TAMS 0x00000007bfe00000, 0x00000007bfe00000| Untracked 
|3907|0x00000007bff00000, 0x00000007bff6b000, 0x00000007c0000000| 41%|CA|  |TAMS 0x00000007bff00000, 0x00000007bff00000| Untracked 

Card table byte_map: [0x00007f0f82cbc000,0x00007f0f8365e000] _byte_map_base: 0x00007f0f7f65e000

Marking Bits (Prev, Next): (CMBitMap*) 0x00007f0fa0066908, (CMBitMap*) 0x00007f0fa0066940
 Prev Bits: [0x00007f0f7d60a000, 0x00007f0f8231a000)
 Next Bits: [0x00007f0f788fa000, 0x00007f0f7d60a000)

Polling page: 0x00007f0fa69a3000

Metaspace:

Usage:
  Non-class:      4.00 MB capacity,   146.52 KB (  4%) used,     3.86 MB ( 96%) free+waste,   128 bytes ( <1%) overhead. 
      Class:    386.00 KB capacity,     5.18 KB (  1%) used,   380.70 KB ( 99%) free+waste,   128 bytes ( <1%) overhead. 
       Both:      4.38 MB capacity,   151.70 KB (  3%) used,     4.23 MB ( 97%) free+waste,   256 bytes ( <1%) overhead. 

Virtual space:
  Non-class space:        8.00 MB reserved,       4.25 MB ( 53%) committed 
      Class space:        1.00 GB reserved,     512.00 KB ( <1%) committed 
             Both:        1.01 GB reserved,       4.75 MB ( <1%) committed 

Chunk freelists:
   Non-Class:  0 bytes
       Class:  0 bytes
        Both:  0 bytes

MaxMetaspaceSize: unlimited
CompressedClassSpaceSize: 1.00 GB
Initial GC threshold: 20.80 MB
Current GC threshold: 20.80 MB
CDS: on

CodeHeap 'non-profiled nmethods': size=120032Kb used=13Kb max_used=13Kb free=120018Kb
 bounds [0x00007f0f902bd000, 0x00007f0f9052d000, 0x00007f0f977f5000]
CodeHeap 'profiled nmethods': size=120028Kb used=82Kb max_used=82Kb free=119945Kb
 bounds [0x00007f0f88d86000, 0x00007f0f88ff6000, 0x00007f0f902bd000]
CodeHeap 'non-nmethods': size=5700Kb used=1020Kb max_used=1027Kb free=4679Kb
 bounds [0x00007f0f887f5000, 0x00007f0f88a65000, 0x00007f0f88d86000]
 total_blobs=302 nmethods=59 adapters=157
 compilation: enabled
              stopped_count=0, restarted_count=0
 full_count=0

Compilation events (20 events):
Event: 0.029 Thread 0x00007f0fa020f000 nmethod 49 0x00007f0f88d97910 code [0x00007f0f88d97b00, 0x00007f0f88d980f0]
Event: 0.029 Thread 0x00007f0fa020f000   51       3       jdk.internal.module.ModuleBootstrap$2::hasNext (30 bytes)
Event: 0.029 Thread 0x00007f0fa020d000 nmethod 54 0x00007f0f902bfe10 code [0x00007f0f902bffa0, 0x00007f0f902c0018]
Event: 0.029 Thread 0x00007f0fa020f000 nmethod 51 0x00007f0f88d98310 code [0x00007f0f88d984e0, 0x00007f0f88d98830]
Event: 0.029 Thread 0x00007f0fa020f000   52       3       jdk.internal.module.ModuleBootstrap$2::next (52 bytes)
Event: 0.029 Thread 0x00007f0fa020f000 nmethod 52 0x00007f0f88d98910 code [0x00007f0f88d98b20, 0x00007f0f88d990a0]
Event: 0.029 Thread 0x00007f0fa020f000   55       3       java.util.HashMap::putIfAbsent (13 bytes)
Event: 0.030 Thread 0x00007f0fa020f000 nmethod 55 0x00007f0f88d99210 code [0x00007f0f88d993e0, 0x00007f0f88d996f0]
Event: 0.030 Thread 0x00007f0fa020f000   50       3       java.util.ImmutableCollections$Set12$1::next (92 bytes)
Event: 0.030 Thread 0x00007f0fa020f000 nmethod 50 0x00007f0f88d99810 code [0x00007f0f88d999e0, 0x00007f0f88d99c60]
Event: 0.030 Thread 0x00007f0fa020f000   53       1       java.lang.Module::getDescriptor (5 bytes)
Event: 0.030 Thread 0x00007f0fa020f000 nmethod 53 0x00007f0f902c0110 code [0x00007f0f902c02c0, 0x00007f0f902c0390]
Event: 0.030 Thread 0x00007f0fa020f000   46       1       java.lang.module.ModuleDescriptor::isOpen (5 bytes)
Event: 0.031 Thread 0x00007f0fa020f000 nmethod 46 0x00007f0f902c0410 code [0x00007f0f902c05c0, 0x00007f0f902c0690]
Event: 0.032 Thread 0x00007f0fa020f000   57       3       java.lang.String::length (11 bytes)
Event: 0.032 Thread 0x00007f0fa020f000 nmethod 57 0x00007f0f88d99d90 code [0x00007f0f88d99f40, 0x00007f0f88d9a0f0]
Event: 0.033 Thread 0x00007f0fa020f000   58       3       java.lang.CharacterDataLatin1::getProperties (11 bytes)
Event: 0.033 Thread 0x00007f0fa020f000 nmethod 58 0x00007f0f88d9a210 code [0x00007f0f88d9a3c0, 0x00007f0f88d9a510]
Event: 0.033 Thread 0x00007f0fa020f000   59       3       java.lang.StringLatin1::canEncode (13 bytes)
Event: 0.033 Thread 0x00007f0fa020f000 nmethod 59 0x00007f0f88d9a610 code [0x00007f0f88d9a7c0, 0x00007f0f88d9a8f0]

GC Heap History (0 events):
No events

Deoptimization events (0 events):
No events

Classes redefined (0 events):
No events

Internal exceptions (0 events):
No events

Events (20 events):
Event: 0.012 Thread 0x00007f0fa020d000 Thread added: 0x00007f0fa020d000
Event: 0.012 Protecting memory [0x00007f0f780ef000,0x00007f0f780f3000] with protection modes 0
Event: 0.012 Thread 0x00007f0fa020f000 Thread added: 0x00007f0fa020f000
Event: 0.012 Protecting memory [0x00007f0f708d7000,0x00007f0f708db000] with protection modes 0
Event: 0.012 Thread 0x00007f0fa0211800 Thread added: 0x00007f0fa0211800
Event: 0.012 Protecting memory [0x00007f0f707d6000,0x00007f0f707da000] with protection modes 0
Event: 0.029 Executing VM operation: EnableBiasedLocking
Event: 0.030 Executing VM operation: EnableBiasedLocking done
Event: 0.030 loading class jdk/internal/vm/PostVMInitHook
Event: 0.030 loading class jdk/internal/vm/PostVMInitHook done
Event: 0.032 loading class Main
Event: 0.032 loading class Main done
Event: 0.032 loading class jdk/internal/loader/URLClassPath$FileLoader
Event: 0.032 loading class jdk/internal/loader/URLClassPath$FileLoader done
Event: 0.033 loading class jdk/internal/loader/URLClassPath$FileLoader$1
Event: 0.033 loading class jdk/internal/loader/URLClassPath$FileLoader$1 done
Event: 0.033 Thread 0x00007f0fa0264800 Thread added: 0x00007f0fa0264800
Event: 0.033 Protecting memory [0x00007f0f705d3000,0x00007f0f705d7000] with protection modes 0
Event: 0.033 Executing VM operation: RevokeBias
Event: 0.033 Executing VM operation: RevokeBias done


Dynamic libraries:
6cbc00000-6df200000 rw-p 00000000 00:00 0 
6df200000-7bfe00000 ---p 00000000 00:00 0 
7bfe00000-7bfe47000 rw-p 00b0a000 08:04 11945874                         /usr/lib/jvm/java-11-openjdk-amd64/lib/server/classes.jsa
7bfe47000-7bff00000 rw-p 00000000 00:00 0 
7bff00000-7bff6b000 rw-p 00a9f000 08:04 11945874                         /usr/lib/jvm/java-11-openjdk-amd64/lib/server/classes.jsa
7bff6b000-7c0000000 rw-p 00000000 00:00 0 
7c0000000-800000000 ---p 00000000 00:00 0 
800000000-800002000 rwxp 00001000 08:04 11945874                         /usr/lib/jvm/java-11-openjdk-amd64/lib/server/classes.jsa
800002000-8003cc000 rw-p 00003000 08:04 11945874                         /usr/lib/jvm/java-11-openjdk-amd64/lib/server/classes.jsa
8003cc000-800a9d000 r--p 003cd000 08:04 11945874                         /usr/lib/jvm/java-11-openjdk-amd64/lib/server/classes.jsa
800a9d000-800a9e000 rw-p 00a9e000 08:04 11945874                         /usr/lib/jvm/java-11-openjdk-amd64/lib/server/classes.jsa
840000000-840080000 rw-p 00000000 00:00 0 
840080000-880000000 ---p 00000000 00:00 0 
564b3015b000-564b3015c000 r--p 00000000 08:04 11932022                   /usr/lib/jvm/java-11-openjdk-amd64/bin/java
564b3015c000-564b3015d000 r-xp 00001000 08:04 11932022                   /usr/lib/jvm/java-11-openjdk-amd64/bin/java
564b3015d000-564b3015e000 r--p 00002000 08:04 11932022                   /usr/lib/jvm/java-11-openjdk-amd64/bin/java
564b3015e000-564b3015f000 r--p 00002000 08:04 11932022                   /usr/lib/jvm/java-11-openjdk-amd64/bin/java
564b3015f000-564b30160000 rw-p 00003000 08:04 11932022                   /usr/lib/jvm/java-11-openjdk-amd64/bin/java
564b316ee000-564b3170f000 rw-p 00000000 00:00 0                          [heap]
7f0f38000000-7f0f38021000 rw-p 00000000 00:00 0 
7f0f38021000-7f0f3c000000 ---p 00000000 00:00 0 
7f0f40000000-7f0f40021000 rw-p 00000000 00:00 0 
7f0f40021000-7f0f44000000 ---p 00000000 00:00 0 
7f0f44000000-7f0f44021000 rw-p 00000000 00:00 0 
7f0f44021000-7f0f48000000 ---p 00000000 00:00 0 
7f0f48000000-7f0f4805e000 rw-p 00000000 00:00 0 
7f0f4805e000-7f0f4c000000 ---p 00000000 00:00 0 
7f0f4c000000-7f0f4c0ad000 rw-p 00000000 00:00 0 
7f0f4c0ad000-7f0f50000000 ---p 00000000 00:00 0 
7f0f50000000-7f0f50021000 rw-p 00000000 00:00 0 
7f0f50021000-7f0f54000000 ---p 00000000 00:00 0 
7f0f54000000-7f0f54021000 rw-p 00000000 00:00 0 
7f0f54021000-7f0f58000000 ---p 00000000 00:00 0 
7f0f58000000-7f0f58021000 rw-p 00000000 00:00 0 
7f0f58021000-7f0f5c000000 ---p 00000000 00:00 0 
7f0f5c000000-7f0f5c021000 rw-p 00000000 00:00 0 
7f0f5c021000-7f0f60000000 ---p 00000000 00:00 0 
7f0f60000000-7f0f60021000 rw-p 00000000 00:00 0 
7f0f60021000-7f0f64000000 ---p 00000000 00:00 0 
7f0f64000000-7f0f64021000 rw-p 00000000 00:00 0 
7f0f64021000-7f0f68000000 ---p 00000000 00:00 0 
7f0f68000000-7f0f68021000 rw-p 00000000 00:00 0 
7f0f68021000-7f0f6c000000 ---p 00000000 00:00 0 
7f0f6c000000-7f0f6c021000 rw-p 00000000 00:00 0 
7f0f6c021000-7f0f70000000 ---p 00000000 00:00 0 
7f0f7021b000-7f0f705d3000 rw-p 00000000 00:00 0 
7f0f705d3000-7f0f705d7000 ---p 00000000 00:00 0 
7f0f705d7000-7f0f706d4000 rw-p 00000000 00:00 0 
7f0f706d4000-7f0f706d5000 ---p 00000000 00:00 0 
7f0f706d5000-7f0f707d6000 rw-p 00000000 00:00 0 
7f0f707d6000-7f0f707da000 ---p 00000000 00:00 0 
7f0f707da000-7f0f708d7000 rw-p 00000000 00:00 0 
7f0f708d7000-7f0f708db000 ---p 00000000 00:00 0 
7f0f708db000-7f0f709d8000 rw-p 00000000 00:00 0 
7f0f709d8000-7f0f71800000 r--p 00000000 08:04 11932784                   /usr/lib/locale/locale-archive
7f0f71800000-7f0f71c40000 rw-p 00000000 00:00 0 
7f0f71c40000-7f0f72000000 ---p 00000000 00:00 0 
7f0f72000000-7f0f74000000 rw-p 00000000 00:00 0 
7f0f74000000-7f0f74021000 rw-p 00000000 00:00 0 
7f0f74021000-7f0f78000000 ---p 00000000 00:00 0 
7f0f780ef000-7f0f780f3000 ---p 00000000 00:00 0 
7f0f780f3000-7f0f781f0000 rw-p 00000000 00:00 0 
7f0f781f0000-7f0f781f4000 ---p 00000000 00:00 0 
7f0f781f4000-7f0f782f1000 rw-p 00000000 00:00 0 
7f0f782f1000-7f0f782f5000 ---p 00000000 00:00 0 
7f0f782f5000-7f0f783f2000 rw-p 00000000 00:00 0 
7f0f783f2000-7f0f783f6000 ---p 00000000 00:00 0 
7f0f783f6000-7f0f784f3000 rw-p 00000000 00:00 0 
7f0f784f3000-7f0f784f7000 ---p 00000000 00:00 0 
7f0f784f7000-7f0f785f4000 rw-p 00000000 00:00 0 
7f0f785f4000-7f0f785f5000 ---p 00000000 00:00 0 
7f0f785f5000-7f0f786f6000 rw-p 00000000 00:00 0 
7f0f786f6000-7f0f786f7000 ---p 00000000 00:00 0 
7f0f786f7000-7f0f787f8000 rw-p 00000000 00:00 0 
7f0f787f8000-7f0f787f9000 ---p 00000000 00:00 0 
7f0f787f9000-7f0f78dd2000 rw-p 00000000 00:00 0 
7f0f78dd2000-7f0f7c602000 ---p 00000000 00:00 0 
7f0f7c602000-7f0f7c60a000 rw-p 00000000 00:00 0 
7f0f7c60a000-7f0f7d60a000 ---p 00000000 00:00 0 
7f0f7d60a000-7f0f7dae2000 rw-p 00000000 00:00 0 
7f0f7dae2000-7f0f81312000 ---p 00000000 00:00 0 
7f0f81312000-7f0f8131a000 rw-p 00000000 00:00 0 
7f0f8131a000-7f0f8231a000 ---p 00000000 00:00 0 
7f0f8231a000-7f0f823b5000 rw-p 00000000 00:00 0 
7f0f823b5000-7f0f82abb000 ---p 00000000 00:00 0 
7f0f82abb000-7f0f82abc000 rw-p 00000000 00:00 0 
7f0f82abc000-7f0f82cbc000 ---p 00000000 00:00 0 
7f0f82cbc000-7f0f82d57000 rw-p 00000000 00:00 0 
7f0f82d57000-7f0f8345d000 ---p 00000000 00:00 0 
7f0f8345d000-7f0f8345e000 rw-p 00000000 00:00 0 
7f0f8345e000-7f0f8365e000 ---p 00000000 00:00 0 
7f0f8365e000-7f0f836f9000 rw-p 00000000 00:00 0 
7f0f836f9000-7f0f83dff000 ---p 00000000 00:00 0 
7f0f83dff000-7f0f83e00000 rw-p 00000000 00:00 0 
7f0f83e00000-7f0f84000000 ---p 00000000 00:00 0 
7f0f84000000-7f0f84021000 rw-p 00000000 00:00 0 
7f0f84021000-7f0f88000000 ---p 00000000 00:00 0 
7f0f88012000-7f0f887f5000 rw-p 00000000 00:00 0 
7f0f887f5000-7f0f88a65000 rwxp 00000000 00:00 0 
7f0f88a65000-7f0f88d86000 ---p 00000000 00:00 0 
7f0f88d86000-7f0f88ff6000 rwxp 00000000 00:00 0 
7f0f88ff6000-7f0f902bd000 ---p 00000000 00:00 0 
7f0f902bd000-7f0f9052d000 rwxp 00000000 00:00 0 
7f0f9052d000-7f0f977f5000 ---p 00000000 00:00 0 
7f0f977f5000-7f0fa0000000 r--s 00000000 08:04 11945730                   /usr/lib/jvm/java-11-openjdk-amd64/lib/modules
7f0fa0000000-7f0fa0275000 rw-p 00000000 00:00 0 
7f0fa0275000-7f0fa4000000 ---p 00000000 00:00 0 
7f0fa4015000-7f0fa4180000 rw-p 00000000 00:00 0 
7f0fa4180000-7f0fa4181000 ---p 00000000 00:00 0 
7f0fa4181000-7f0fa4282000 rw-p 00000000 00:00 0 
7f0fa4282000-7f0fa4283000 ---p 00000000 00:00 0 
7f0fa4283000-7f0fa4cf1000 rw-p 00000000 00:00 0 
7f0fa4cf1000-7f0fa4cf2000 ---p 00000000 00:00 0 
7f0fa4cf2000-7f0fa4df8000 rw-p 00000000 00:00 0 
7f0fa4df8000-7f0fa4ede000 ---p 00000000 00:00 0 
7f0fa4ede000-7f0fa4ee3000 rw-p 00000000 00:00 0 
7f0fa4ee3000-7f0fa4fc9000 ---p 00000000 00:00 0 
7f0fa4fc9000-7f0fa4fce000 rw-p 00000000 00:00 0 
7f0fa4fce000-7f0fa4fd5000 ---p 00000000 00:00 0 
7f0fa4fd5000-7f0fa4fd7000 r--p 00000000 08:04 11945729                   /usr/lib/jvm/java-11-openjdk-amd64/lib/libzip.so
7f0fa4fd7000-7f0fa4fdc000 r-xp 00002000 08:04 11945729                   /usr/lib/jvm/java-11-openjdk-amd64/lib/libzip.so
7f0fa4fdc000-7f0fa4fde000 r--p 00007000 08:04 11945729                   /usr/lib/jvm/java-11-openjdk-amd64/lib/libzip.so
7f0fa4fde000-7f0fa4fdf000 r--p 00008000 08:04 11945729                   /usr/lib/jvm/java-11-openjdk-amd64/lib/libzip.so
7f0fa4fdf000-7f0fa4fe0000 rw-p 00009000 08:04 11945729                   /usr/lib/jvm/java-11-openjdk-amd64/lib/libzip.so
7f0fa4fe0000-7f0fa4fe3000 r--p 00000000 08:04 11934530                   /usr/lib/x86_64-linux-gnu/libnss_files-2.31.so
7f0fa4fe3000-7f0fa4fea000 r-xp 00003000 08:04 11934530                   /usr/lib/x86_64-linux-gnu/libnss_files-2.31.so
7f0fa4fea000-7f0fa4fec000 r--p 0000a000 08:04 11934530                   /usr/lib/x86_64-linux-gnu/libnss_files-2.31.so
7f0fa4fec000-7f0fa4fed000 r--p 0000b000 08:04 11934530                   /usr/lib/x86_64-linux-gnu/libnss_files-2.31.so
7f0fa4fed000-7f0fa4fee000 rw-p 0000c000 08:04 11934530                   /usr/lib/x86_64-linux-gnu/libnss_files-2.31.so
7f0fa4fee000-7f0fa4ff4000 rw-p 00000000 00:00 0 
7f0fa4ff6000-7f0fa4ffd000 r--s 00000000 08:04 12587062                   /usr/lib/x86_64-linux-gnu/gconv/gconv-modules.cache
7f0fa4ffd000-7f0fa5005000 rw-s 00000000 08:04 18877302                   /tmp/hsperfdata_weihsin/65503
7f0fa5005000-7f0fa5013000 r--p 00000000 08:04 11945709                   /usr/lib/jvm/java-11-openjdk-amd64/lib/libjava.so
7f0fa5013000-7f0fa5029000 r-xp 0000e000 08:04 11945709                   /usr/lib/jvm/java-11-openjdk-amd64/lib/libjava.so
7f0fa5029000-7f0fa5030000 r--p 00024000 08:04 11945709                   /usr/lib/jvm/java-11-openjdk-amd64/lib/libjava.so
7f0fa5030000-7f0fa5031000 r--p 0002a000 08:04 11945709                   /usr/lib/jvm/java-11-openjdk-amd64/lib/libjava.so
7f0fa5031000-7f0fa5032000 rw-p 0002b000 08:04 11945709                   /usr/lib/jvm/java-11-openjdk-amd64/lib/libjava.so
7f0fa5032000-7f0fa5033000 rw-p 00000000 00:00 0 
7f0fa5033000-7f0fa5038000 r--p 00000000 08:04 11945728                   /usr/lib/jvm/java-11-openjdk-amd64/lib/libverify.so
7f0fa5038000-7f0fa503f000 r-xp 00005000 08:04 11945728                   /usr/lib/jvm/java-11-openjdk-amd64/lib/libverify.so
7f0fa503f000-7f0fa5041000 r--p 0000c000 08:04 11945728                   /usr/lib/jvm/java-11-openjdk-amd64/lib/libverify.so
7f0fa5041000-7f0fa5042000 ---p 0000e000 08:04 11945728                   /usr/lib/jvm/java-11-openjdk-amd64/lib/libverify.so
7f0fa5042000-7f0fa5044000 r--p 0000e000 08:04 11945728                   /usr/lib/jvm/java-11-openjdk-amd64/lib/libverify.so
7f0fa5044000-7f0fa5045000 rw-p 00010000 08:04 11945728                   /usr/lib/jvm/java-11-openjdk-amd64/lib/libverify.so
7f0fa5045000-7f0fa5047000 r--p 00000000 08:04 11934739                   /usr/lib/x86_64-linux-gnu/librt-2.31.so
7f0fa5047000-7f0fa504b000 r-xp 00002000 08:04 11934739                   /usr/lib/x86_64-linux-gnu/librt-2.31.so
7f0fa504b000-7f0fa504d000 r--p 00006000 08:04 11934739                   /usr/lib/x86_64-linux-gnu/librt-2.31.so
7f0fa504d000-7f0fa504e000 r--p 00007000 08:04 11934739                   /usr/lib/x86_64-linux-gnu/librt-2.31.so
7f0fa504e000-7f0fa504f000 rw-p 00008000 08:04 11934739                   /usr/lib/x86_64-linux-gnu/librt-2.31.so
7f0fa504f000-7f0fa5053000 ---p 00000000 00:00 0 
7f0fa5053000-7f0fa5150000 rw-p 00000000 00:00 0 
7f0fa5150000-7f0fa5153000 r--p 00000000 08:04 11934043                   /usr/lib/x86_64-linux-gnu/libgcc_s.so.1
7f0fa5153000-7f0fa5165000 r-xp 00003000 08:04 11934043                   /usr/lib/x86_64-linux-gnu/libgcc_s.so.1
7f0fa5165000-7f0fa5169000 r--p 00015000 08:04 11934043                   /usr/lib/x86_64-linux-gnu/libgcc_s.so.1
7f0fa5169000-7f0fa516a000 r--p 00018000 08:04 11934043                   /usr/lib/x86_64-linux-gnu/libgcc_s.so.1
7f0fa516a000-7f0fa516b000 rw-p 00019000 08:04 11934043                   /usr/lib/x86_64-linux-gnu/libgcc_s.so.1
7f0fa516b000-7f0fa5178000 r--p 00000000 08:04 11934404                   /usr/lib/x86_64-linux-gnu/libm-2.31.so
7f0fa5178000-7f0fa521f000 r-xp 0000d000 08:04 11934404                   /usr/lib/x86_64-linux-gnu/libm-2.31.so
7f0fa521f000-7f0fa52b8000 r--p 000b4000 08:04 11934404                   /usr/lib/x86_64-linux-gnu/libm-2.31.so
7f0fa52b8000-7f0fa52b9000 r--p 0014c000 08:04 11934404                   /usr/lib/x86_64-linux-gnu/libm-2.31.so
7f0fa52b9000-7f0fa52ba000 rw-p 0014d000 08:04 11934404                   /usr/lib/x86_64-linux-gnu/libm-2.31.so
7f0fa52ba000-7f0fa5350000 r--p 00000000 08:04 11934848                   /usr/lib/x86_64-linux-gnu/libstdc++.so.6.0.28
7f0fa5350000-7f0fa5441000 r-xp 00096000 08:04 11934848                   /usr/lib/x86_64-linux-gnu/libstdc++.so.6.0.28
7f0fa5441000-7f0fa548a000 r--p 00187000 08:04 11934848                   /usr/lib/x86_64-linux-gnu/libstdc++.so.6.0.28
7f0fa548a000-7f0fa548b000 ---p 001d0000 08:04 11934848                   /usr/lib/x86_64-linux-gnu/libstdc++.so.6.0.28
7f0fa548b000-7f0fa5496000 r--p 001d0000 08:04 11934848                   /usr/lib/x86_64-linux-gnu/libstdc++.so.6.0.28
7f0fa5496000-7f0fa5499000 rw-p 001db000 08:04 11934848                   /usr/lib/x86_64-linux-gnu/libstdc++.so.6.0.28
7f0fa5499000-7f0fa549c000 rw-p 00000000 00:00 0 
7f0fa549c000-7f0fa571e000 r--p 00000000 08:04 11945735                   /usr/lib/jvm/java-11-openjdk-amd64/lib/server/libjvm.so
7f0fa571e000-7f0fa63af000 r-xp 00282000 08:04 11945735                   /usr/lib/jvm/java-11-openjdk-amd64/lib/server/libjvm.so
7f0fa63af000-7f0fa660e000 r--p 00f13000 08:04 11945735                   /usr/lib/jvm/java-11-openjdk-amd64/lib/server/libjvm.so
7f0fa660e000-7f0fa66d2000 r--p 01171000 08:04 11945735                   /usr/lib/jvm/java-11-openjdk-amd64/lib/server/libjvm.so
7f0fa66d2000-7f0fa670d000 rw-p 01235000 08:04 11945735                   /usr/lib/jvm/java-11-openjdk-amd64/lib/server/libjvm.so
7f0fa670d000-7f0fa6766000 rw-p 00000000 00:00 0 
7f0fa6766000-7f0fa676c000 r--p 00000000 08:04 11934674                   /usr/lib/x86_64-linux-gnu/libpthread-2.31.so
7f0fa676c000-7f0fa677d000 r-xp 00006000 08:04 11934674                   /usr/lib/x86_64-linux-gnu/libpthread-2.31.so
7f0fa677d000-7f0fa6783000 r--p 00017000 08:04 11934674                   /usr/lib/x86_64-linux-gnu/libpthread-2.31.so
7f0fa6783000-7f0fa6784000 r--p 0001c000 08:04 11934674                   /usr/lib/x86_64-linux-gnu/libpthread-2.31.so
7f0fa6784000-7f0fa6785000 rw-p 0001d000 08:04 11934674                   /usr/lib/x86_64-linux-gnu/libpthread-2.31.so
7f0fa6785000-7f0fa6789000 rw-p 00000000 00:00 0 
7f0fa6789000-7f0fa678a000 r--p 00000000 08:04 11933889                   /usr/lib/x86_64-linux-gnu/libdl-2.31.so
7f0fa678a000-7f0fa678c000 r-xp 00001000 08:04 11933889                   /usr/lib/x86_64-linux-gnu/libdl-2.31.so
7f0fa678c000-7f0fa678d000 r--p 00003000 08:04 11933889                   /usr/lib/x86_64-linux-gnu/libdl-2.31.so
7f0fa678d000-7f0fa678e000 r--p 00003000 08:04 11933889                   /usr/lib/x86_64-linux-gnu/libdl-2.31.so
7f0fa678e000-7f0fa678f000 rw-p 00004000 08:04 11933889                   /usr/lib/x86_64-linux-gnu/libdl-2.31.so
7f0fa678f000-7f0fa6791000 r--p 00000000 08:04 11927746                   /usr/lib/x86_64-linux-gnu/libz.so.1.2.11
7f0fa6791000-7f0fa67a2000 r-xp 00002000 08:04 11927746                   /usr/lib/x86_64-linux-gnu/libz.so.1.2.11
7f0fa67a2000-7f0fa67a8000 r--p 00013000 08:04 11927746                   /usr/lib/x86_64-linux-gnu/libz.so.1.2.11
7f0fa67a8000-7f0fa67a9000 ---p 00019000 08:04 11927746                   /usr/lib/x86_64-linux-gnu/libz.so.1.2.11
7f0fa67a9000-7f0fa67aa000 r--p 00019000 08:04 11927746                   /usr/lib/x86_64-linux-gnu/libz.so.1.2.11
7f0fa67aa000-7f0fa67ab000 rw-p 0001a000 08:04 11927746                   /usr/lib/x86_64-linux-gnu/libz.so.1.2.11
7f0fa67ab000-7f0fa67cd000 r--p 00000000 08:04 11933746                   /usr/lib/x86_64-linux-gnu/libc-2.31.so
7f0fa67cd000-7f0fa6945000 r-xp 00022000 08:04 11933746                   /usr/lib/x86_64-linux-gnu/libc-2.31.so
7f0fa6945000-7f0fa6993000 r--p 0019a000 08:04 11933746                   /usr/lib/x86_64-linux-gnu/libc-2.31.so
7f0fa6993000-7f0fa6997000 r--p 001e7000 08:04 11933746                   /usr/lib/x86_64-linux-gnu/libc-2.31.so
7f0fa6997000-7f0fa6999000 rw-p 001eb000 08:04 11933746                   /usr/lib/x86_64-linux-gnu/libc-2.31.so
7f0fa6999000-7f0fa699d000 rw-p 00000000 00:00 0 
7f0fa69a3000-7f0fa69a4000 ---p 00000000 00:00 0 
7f0fa69a4000-7f0fa69a5000 r--p 00000000 00:00 0 
7f0fa69a5000-7f0fa69a7000 r--p 00000000 08:04 11945712                   /usr/lib/jvm/java-11-openjdk-amd64/lib/libjimage.so
7f0fa69a7000-7f0fa69aa000 r-xp 00002000 08:04 11945712                   /usr/lib/jvm/java-11-openjdk-amd64/lib/libjimage.so
7f0fa69aa000-7f0fa69ab000 r--p 00005000 08:04 11945712                   /usr/lib/jvm/java-11-openjdk-amd64/lib/libjimage.so
7f0fa69ab000-7f0fa69ac000 ---p 00006000 08:04 11945712                   /usr/lib/jvm/java-11-openjdk-amd64/lib/libjimage.so
7f0fa69ac000-7f0fa69ad000 r--p 00006000 08:04 11945712                   /usr/lib/jvm/java-11-openjdk-amd64/lib/libjimage.so
7f0fa69ad000-7f0fa69ae000 rw-p 00007000 08:04 11945712                   /usr/lib/jvm/java-11-openjdk-amd64/lib/libjimage.so
7f0fa69ae000-7f0fa69b1000 r--p 00000000 08:04 11945694                   /usr/lib/jvm/java-11-openjdk-amd64/lib/jli/libjli.so
7f0fa69b1000-7f0fa69bb000 r-xp 00003000 08:04 11945694                   /usr/lib/jvm/java-11-openjdk-amd64/lib/jli/libjli.so
7f0fa69bb000-7f0fa69be000 r--p 0000d000 08:04 11945694                   /usr/lib/jvm/java-11-openjdk-amd64/lib/jli/libjli.so
7f0fa69be000-7f0fa69bf000 ---p 00010000 08:04 11945694                   /usr/lib/jvm/java-11-openjdk-amd64/lib/jli/libjli.so
7f0fa69bf000-7f0fa69c0000 r--p 00010000 08:04 11945694                   /usr/lib/jvm/java-11-openjdk-amd64/lib/jli/libjli.so
7f0fa69c0000-7f0fa69c1000 rw-p 00011000 08:04 11945694                   /usr/lib/jvm/java-11-openjdk-amd64/lib/jli/libjli.so
7f0fa69c1000-7f0fa69c3000 rw-p 00000000 00:00 0 
7f0fa69c3000-7f0fa69c4000 r--p 00000000 08:04 11933526                   /usr/lib/x86_64-linux-gnu/ld-2.31.so
7f0fa69c4000-7f0fa69e7000 r-xp 00001000 08:04 11933526                   /usr/lib/x86_64-linux-gnu/ld-2.31.so
7f0fa69e7000-7f0fa69ef000 r--p 00024000 08:04 11933526                   /usr/lib/x86_64-linux-gnu/ld-2.31.so
7f0fa69f0000-7f0fa69f1000 r--p 0002c000 08:04 11933526                   /usr/lib/x86_64-linux-gnu/ld-2.31.so
7f0fa69f1000-7f0fa69f2000 rw-p 0002d000 08:04 11933526                   /usr/lib/x86_64-linux-gnu/ld-2.31.so
7f0fa69f2000-7f0fa69f3000 rw-p 00000000 00:00 0 
7fff2a334000-7fff2a355000 rw-p 00000000 00:00 0                          [stack]
7fff2a394000-7fff2a398000 r--p 00000000 00:00 0                          [vvar]
7fff2a398000-7fff2a39a000 r-xp 00000000 00:00 0                          [vdso]
ffffffffff600000-ffffffffff601000 --xp 00000000 00:00 0                  [vsyscall]


VM Arguments:
jvm_args: -Xverify:none 
java_command: Main
java_class_path (initial): .
Launcher Type: SUN_STANDARD

[Global flags]
     bool BytecodeVerificationLocal                = false                                     {product} {command line}
     bool BytecodeVerificationRemote               = false                                     {product} {command line}
     intx CICompilerCount                          = 4                                         {product} {ergonomic}
     uint ConcGCThreads                            = 2                                         {product} {ergonomic}
     uint G1ConcRefinementThreads                  = 8                                         {product} {ergonomic}
   size_t G1HeapRegionSize                         = 1048576                                   {product} {ergonomic}
    uintx GCDrainStackTargetSize                   = 64                                        {product} {ergonomic}
   size_t InitialHeapSize                          = 325058560                                 {product} {ergonomic}
   size_t MarkStackSize                            = 4194304                                   {product} {ergonomic}
   size_t MaxHeapSize                              = 5171576832                                {product} {ergonomic}
   size_t MaxNewSize                               = 3102736384                                {product} {ergonomic}
   size_t MinHeapDeltaBytes                        = 1048576                                   {product} {ergonomic}
    uintx NonNMethodCodeHeapSize                   = 5836300                                {pd product} {ergonomic}
    uintx NonProfiledCodeHeapSize                  = 122910970                              {pd product} {ergonomic}
    uintx ProfiledCodeHeapSize                     = 122910970                              {pd product} {ergonomic}
    uintx ReservedCodeCacheSize                    = 251658240                              {pd product} {ergonomic}
     bool SegmentedCodeCache                       = true                                      {product} {ergonomic}
     bool UseCompressedClassPointers               = true                                 {lp64_product} {ergonomic}
     bool UseCompressedOops                        = true                                 {lp64_product} {ergonomic}
     bool UseG1GC                                  = true                                      {product} {ergonomic}

Logging:
Log output configuration:
 #0: stdout all=warning uptime,level,tags
 #1: stderr all=off uptime,level,tags

Environment Variables:
PATH=/home/weihsin/.local/bin/:/home/weihsin/.local/bin:/usr/local/sbin:/usr/local/bin:/usr/sbin:/usr/bin:/sbin:/bin:/usr/games:/usr/local/games:/snap/bin
USERNAME=weihsin
SHELL=/bin/bash
DISPLAY=:0
LANG=en_US.UTF-8
LC_NUMERIC=lzh_TW
LC_TIME=lzh_TW
TERM=xterm-256color

Signal Handlers:
SIGSEGV: [libjvm.so+0xe9f840], sa_mask[0]=11111111011111111101111111111110, sa_flags=SA_RESTART|SA_SIGINFO
SIGBUS: [libjvm.so+0xe9f840], sa_mask[0]=11111111011111111101111111111110, sa_flags=SA_RESTART|SA_SIGINFO
SIGFPE: [libjvm.so+0xe9f840], sa_mask[0]=11111111011111111101111111111110, sa_flags=SA_RESTART|SA_SIGINFO
SIGPIPE: [libjvm.so+0xbe53b0], sa_mask[0]=11111111011111111101111111111110, sa_flags=SA_RESTART|SA_SIGINFO
SIGXFSZ: [libjvm.so+0xbe53b0], sa_mask[0]=11111111011111111101111111111110, sa_flags=SA_RESTART|SA_SIGINFO
SIGILL: [libjvm.so+0xe9f840], sa_mask[0]=11111111011111111101111111111110, sa_flags=SA_RESTART|SA_SIGINFO
SIGUSR2: [libjvm.so+0xbe5250], sa_mask[0]=00000000000000000000000000000000, sa_flags=SA_RESTART|SA_SIGINFO
SIGHUP: [libjvm.so+0xbe5900], sa_mask[0]=11111111011111111101111111111110, sa_flags=SA_RESTART|SA_SIGINFO
SIGINT: [libjvm.so+0xbe5900], sa_mask[0]=11111111011111111101111111111110, sa_flags=SA_RESTART|SA_SIGINFO
SIGTERM: [libjvm.so+0xbe5900], sa_mask[0]=11111111011111111101111111111110, sa_flags=SA_RESTART|SA_SIGINFO
SIGQUIT: [libjvm.so+0xbe5900], sa_mask[0]=11111111011111111101111111111110, sa_flags=SA_RESTART|SA_SIGINFO


---------------  S Y S T E M  ---------------

OS:DISTRIB_ID=Ubuntu
DISTRIB_RELEASE=20.04
DISTRIB_CODENAME=focal
DISTRIB_DESCRIPTION="Ubuntu 20.04.5 LTS"
uname:Linux 5.15.0-73-generic #80~20.04.1-Ubuntu SMP Wed May 17 14:58:14 UTC 2023 x86_64
OS uptime: 0 days 17:14 hours
libc:glibc 2.31 NPTL 2.31 
rlimit (soft/hard): STACK 8192k/infinity , CORE 0k/infinity , NPROC 78582/78582 , NOFILE 1048576/1048576 , AS infinity/infinity , CPU infinity/infinity , DATA infinity/infinity , FSIZE infinity/infinity , MEMLOCK 65536k/65536k
load average:1.32 1.36 1.34

/proc/meminfo:
MemTotal:       20198112 kB
MemFree:        11247820 kB
MemAvailable:   14900940 kB
Buffers:          445688 kB
Cached:          3881756 kB
SwapCached:            0 kB
Active:          2112700 kB
Inactive:        5909736 kB
Active(anon):       3416 kB
Inactive(anon):  4151936 kB
Active(file):    2109284 kB
Inactive(file):  1757800 kB
Unevictable:      428196 kB
Mlocked:              32 kB
SwapTotal:      31999996 kB
SwapFree:       31999996 kB
Dirty:               724 kB
Writeback:            64 kB
AnonPages:       4123852 kB
Mapped:           862080 kB
Shmem:            470372 kB
KReclaimable:     133472 kB
Slab:             264968 kB
SReclaimable:     133472 kB
SUnreclaim:       131496 kB
KernelStack:       18124 kB
PageTables:        40428 kB
NFS_Unstable:          0 kB
Bounce:                0 kB
WritebackTmp:          0 kB
CommitLimit:    42099052 kB
Committed_AS:    9910468 kB
VmallocTotal:   34359738367 kB
VmallocUsed:       54256 kB
VmallocChunk:          0 kB
Percpu:             8128 kB
HardwareCorrupted:     0 kB
AnonHugePages:         0 kB
ShmemHugePages:        0 kB
ShmemPmdMapped:        0 kB
FileHugePages:         0 kB
FilePmdMapped:         0 kB
HugePages_Total:       0
HugePages_Free:        0
HugePages_Rsvd:        0
HugePages_Surp:        0
Hugepagesize:       2048 kB
Hugetlb:               0 kB
DirectMap4k:      365884 kB
DirectMap2M:     9830400 kB
DirectMap1G:    11534336 kB

/sys/kernel/mm/transparent_hugepage/enabled:
always [madvise] never
/sys/kernel/mm/transparent_hugepage/defrag (defrag/compaction efforts parameter):
always defer defer+madvise [madvise] never

Process Memory:
Virtual Size: 7853712K (peak: 16597420K)
Resident Set Size: 39156K (peak: 39156K) (anon: 14220K, file: 24936K, shmem: 0K)
Swapped out: 0K
C-Heap outstanding allocations: 25468K, retained: 1699K
glibc malloc tunables: (default)

/proc/sys/kernel/threads-max (system-wide limit on the number of threads):
157164
/proc/sys/vm/max_map_count (maximum number of memory map areas a process may have):
65530
/proc/sys/kernel/pid_max (system-wide limit on number of process identifiers):
4194304

container (cgroup) information:
container_type: cgroupv1
cpu_cpuset_cpus: 0-7
cpu_memory_nodes: 0
active_processor_count: 8
cpu_quota: no quota
cpu_period: 100000
cpu_shares: no shares
memory_limit_in_bytes: unlimited
memory_and_swap_limit_in_bytes: unlimited
memory_soft_limit_in_bytes: unlimited
memory_usage_in_bytes: 6032392 k
memory_max_usage_in_bytes: 6434864 k
kernel_memory_usage_in_bytes: 125452 k
kernel_memory_max_usage_in_bytes: unlimited
kernel_memory_limit_in_bytes: 129808 k
maximum number of tasks: unlimited
current number of tasks: 848

Steal ticks since vm start: 0
Steal ticks percentage since vm start:  0.000

CPU:total 8 (initial active 8) (4 cores per cpu, 2 threads per core) family 6 model 142 stepping 12 microcode 0xf4, cmov, cx8, fxsr, mmx, sse, sse2, sse3, ssse3, sse4.1, sse4.2, popcnt, avx, avx2, aes, clmul, erms, 3dnowpref, lzcnt, ht, tsc, tscinvbit, bmi1, bmi2, adx, fma
CPU Model and flags from /proc/cpuinfo:
model name	: Intel(R) Core(TM) i5-10210U CPU @ 1.60GHz
flags		: fpu vme de pse tsc msr pae mce cx8 apic sep mtrr pge mca cmov pat pse36 clflush dts acpi mmx fxsr sse sse2 ss ht tm pbe syscall nx pdpe1gb rdtscp lm constant_tsc art arch_perfmon pebs bts rep_good nopl xtopology nonstop_tsc cpuid aperfmperf pni pclmulqdq dtes64 monitor ds_cpl vmx est tm2 ssse3 sdbg fma cx16 xtpr pdcm pcid sse4_1 sse4_2 x2apic movbe popcnt tsc_deadline_timer aes xsave avx f16c rdrand lahf_lm abm 3dnowprefetch cpuid_fault epb invpcid_single ssbd ibrs ibpb stibp ibrs_enhanced tpr_shadow vnmi flexpriority ept vpid ept_ad fsgsbase tsc_adjust bmi1 avx2 smep bmi2 erms invpcid mpx rdseed adx smap clflushopt intel_pt xsaveopt xsavec xgetbv1 xsaves dtherm ida arat pln pts hwp hwp_act_window hwp_epp md_clear flush_l1d arch_capabilities
Online cpus:
0-7
Offline cpus:

BIOS frequency limitation:
<Not Available>
Frequency switch latency (ns):
0
Available cpu frequencies:
<Not Available>
Current governor:
powersave
Core performance/turbo boost:
<Not Available>

Memory: 4k page, physical 20198112k(11247820k free), swap 31999996k(31999996k free)

vm_info: OpenJDK 64-Bit Server VM (11.0.19+7-post-Ubuntu-0ubuntu120.04.1) for linux-amd64 JRE (11.0.19+7-post-Ubuntu-0ubuntu120.04.1), built on May 10 2023 00:55:26 by "unknown" with gcc 9.4.0

END.
