> Create symbol table (scope level 0)
func: another_function
> Insert `another_function` (addr: -1) to scope level 0
> Create symbol table (scope level 1)
STRING_LIT "another_function"
PRINTLN str

> Dump symbol table (scope level: 1)
Index     Name      Mut       Type      Addr      Lineno    Func_sig  
func: is_divisible_by
> Insert `is_divisible_by` (addr: -1) to scope level 0
> Create symbol table (scope level 1)
> Insert `lhs` (addr: 0) to scope level 1
> Insert `rhs` (addr: 1) to scope level 1
IDENT (name=rhs, address=1)
INT_LIT 0
EQL
> Create symbol table (scope level 2)
bool FALSE
breturn

> Dump symbol table (scope level: 2)
Index     Name      Mut       Type      Addr      Lineno    Func_sig  
IDENT (name=lhs, address=0)
IDENT (name=rhs, address=1)
REM
INT_LIT 0
EQL
breturn

> Dump symbol table (scope level: 1)
Index     Name      Mut       Type      Addr      Lineno    Func_sig  
0         lhs       0         i32       0         6         -         
1         rhs       0         i32       1         6         -         
func: main
> Insert `main` (addr: -1) to scope level 0
> Create symbol table (scope level 1)
call: another_function(V)V
INT_LIT 3
> Insert `x` (addr: 0) to scope level 1
INT_LIT 2
> Insert `y` (addr: 1) to scope level 1
IDENT (name=x, address=0)
IDENT (name=y, address=1)
call: is_divisible_by(II)B
> Create symbol table (scope level 2)
STRING_LIT "divisible"
PRINTLN str

> Dump symbol table (scope level: 2)
Index     Name      Mut       Type      Addr      Lineno    Func_sig  
> Create symbol table (scope level 2)
STRING_LIT "not divisible"
PRINTLN str

> Dump symbol table (scope level: 2)
Index     Name      Mut       Type      Addr      Lineno    Func_sig  

> Dump symbol table (scope level: 1)
Index     Name      Mut       Type      Addr      Lineno    Func_sig  
0         x         0         i32       0         18        -         
1         y         0         i32       1         19        -         

> Dump symbol table (scope level: 0)
Index     Name      Mut       Type      Addr      Lineno    Func_sig  
0         another_function-1        func      -1        1         (V)V      
1         is_divisible_by-1        func      -1        6         (II)B     
2         main      -1        func      -1        16        (V)V      
Total lines: 27
