> Create symbol table (scope level 0)
func: main
> Insert `main` (addr: -1) to scope level 0
> Create symbol table (scope level 1)
FLOAT_LIT 6.000000
> Insert `x` (addr: 0) to scope level 1
bool TRUE
> Insert `y` (addr: 1) to scope level 1
IDENT (name=x, address=0)
PRINTLN f32
IDENT (name=y, address=1)
PRINTLN bool

> Dump symbol table (scope level: 1)
Index     Name      Mut       Type      Addr      Lineno    Func_sig  
0         x         0         f32       0         2         -         
1         y         0         bool      1         3         -         

> Dump symbol table (scope level: 0)
Index     Name      Mut       Type      Addr      Lineno    Func_sig  
0         main      -1        func      -1        1         (V)V      
Total lines: 6
