> Create symbol table (scope level 0)
func: main
> Insert `main` (addr: -1) to scope level 0
> Create symbol table (scope level 1)
STRING_LIT "Hello World"
> Insert `s` (addr: 0) to scope level 1
IDENT (name=s, address=0)
DOTDOT
INT_LIT 5
> Insert `hello` (addr: 1) to scope level 1
IDENT (name=s, address=0)
INT_LIT 5
DOTDOT
INT_LIT 6
> Insert `space` (addr: 2) to scope level 1
IDENT (name=s, address=0)
INT_LIT 6
DOTDOT
> Insert `world` (addr: 3) to scope level 1
IDENT (name=hello, address=1)
PRINT str
IDENT (name=space, address=2)
PRINT str
IDENT (name=world, address=3)
PRINTLN str

> Dump symbol table (scope level: 1)
Index     Name      Mut       Type      Addr      Lineno    Func_sig  
0         s         0         str       0         2         -         
1         hello     0         str       1         3         -         
2         space     0         str       2         4         -         
3         world     0         str       3         5         -         

> Dump symbol table (scope level: 0)
Index     Name      Mut       Type      Addr      Lineno    Func_sig  
0         main      -1        func      -1        1         (V)V      
Total lines: 9